2025-05-21 16:00:22,109 - INFO - Logging configured to save to: /Users/detraviousjamaribrinkley/Documents/Development/research_labs/uf_ds/predictions/data/observation_logs
2025-05-21 16:00:22,110 - INFO - DataFrame successfully written to CSV: /Users/detraviousjamaribrinkley/Documents/Development/research_labs/uf_ds/predictions/data/observation_logs/batch_4-observation/batch_4-from_df.csv
2025-05-21 16:00:22,111 - INFO - CSV content successfully written to log file: /Users/detraviousjamaribrinkley/Documents/Development/research_labs/uf_ds/predictions/data/observation_logs/batch_4-observation/batch_4-from_csv.log
2025-06-02 10:59:24,540 - INFO - Logging configured to save to: /Users/detraviousjamaribrinkley/Documents/Development/research_labs/uf_ds/predictions/misc_experiments/../data/observation_logs
2025-06-02 10:59:24,541 - INFO - CSV file successfully read into DataFrame: /Users/detraviousjamaribrinkley/Documents/Development/research_labs/uf_ds/predictions/misc_experiments/../data/observation_logs/batch_4-observation/batch_4-from_df.csv
2025-06-02 11:00:32,219 - INFO - Logging configured to save to: /Users/detraviousjamaribrinkley/Documents/Development/research_labs/uf_ds/predictions/misc_experiments/../data/observation_logs
2025-06-02 11:00:32,220 - INFO - CSV file successfully read into DataFrame: /Users/detraviousjamaribrinkley/Documents/Development/research_labs/uf_ds/predictions/misc_experiments/../data/observation_logs/batch_4-observation/batch_4-from_df.csv
2025-06-02 11:15:03,543 - INFO - Logging configured to save to: /Users/detraviousjamaribrinkley/Documents/Development/research_labs/uf_ds/predictions/misc_experiments/../data/observation_logs
2025-06-02 11:15:03,544 - INFO - CSV file successfully read into DataFrame: /Users/detraviousjamaribrinkley/Documents/Development/research_labs/uf_ds/predictions/misc_experiments/../data/observation_logs/batch_4-observation/batch_4-from_df.csv
2025-06-02 12:15:20,141 - INFO - Logging configured to save to: /Users/detraviousjamaribrinkley/Documents/Development/research_labs/uf_ds/predictions/misc_experiments/../data/observation_logs
2025-06-02 12:15:20,142 - INFO - CSV file successfully read into DataFrame: /Users/detraviousjamaribrinkley/Documents/Development/research_labs/uf_ds/predictions/misc_experiments/../data/observation_logs/batch_4-observation/batch_4-from_df.csv
2025-06-12 08:31:56,977 - INFO - Logging configured to save to: /Users/detraviousjamaribrinkley/Documents/Development/research_labs/uf_ds/predictions/misc_experiments/../data/observation_logs
2025-06-12 08:31:56,978 - INFO - CSV file successfully read into DataFrame: /Users/detraviousjamaribrinkley/Documents/Development/research_labs/uf_ds/predictions/misc_experiments/../data/observation_logs/batch_4-observation/batch_4-from_df.csv
2025-06-12 09:27:29,533 - INFO - Logging configured to save to: /Users/detraviousjamaribrinkley/Documents/Development/research_labs/uf_ds/predictions/misc_experiments/../data/observation_logs
2025-06-12 09:27:29,534 - INFO - CSV file successfully read into DataFrame: /Users/detraviousjamaribrinkley/Documents/Development/research_labs/uf_ds/predictions/misc_experiments/../data/observation_logs/batch_4-observation/batch_4-from_df.csv
2025-06-12 09:30:36,604 - INFO - Logging configured to save to: /Users/detraviousjamaribrinkley/Documents/Development/research_labs/uf_ds/predictions/misc_experiments/../data/observation_logs
2025-06-12 09:30:36,605 - INFO - CSV file successfully read into DataFrame: /Users/detraviousjamaribrinkley/Documents/Development/research_labs/uf_ds/predictions/misc_experiments/../data/observation_logs/batch_4-observation/batch_4-from_df.csv
2025-06-12 09:35:22,708 - INFO - Logging configured to save to: /Users/detraviousjamaribrinkley/Documents/Development/research_labs/uf_ds/predictions/misc_experiments/../data/observation_logs
2025-06-12 09:35:22,709 - INFO - CSV file successfully read into DataFrame: /Users/detraviousjamaribrinkley/Documents/Development/research_labs/uf_ds/predictions/misc_experiments/../data/observation_logs/batch_4-observation/batch_4-from_df.csv
2025-06-12 09:40:22,070 - INFO - Logging configured to save to: /Users/detraviousjamaribrinkley/Documents/Development/research_labs/uf_ds/predictions/misc_experiments/../data/observation_logs
2025-06-12 09:40:22,071 - INFO - CSV file successfully read into DataFrame: /Users/detraviousjamaribrinkley/Documents/Development/research_labs/uf_ds/predictions/misc_experiments/../data/observation_logs/batch_4-observation/batch_4-from_df.csv
2025-06-12 09:40:44,603 - INFO - Logging configured to save to: /Users/detraviousjamaribrinkley/Documents/Development/research_labs/uf_ds/predictions/misc_experiments/../data/observation_logs
2025-06-12 09:40:44,604 - INFO - CSV file successfully read into DataFrame: /Users/detraviousjamaribrinkley/Documents/Development/research_labs/uf_ds/predictions/misc_experiments/../data/observation_logs/batch_4-observation/batch_4-from_df.csv
2025-06-12 09:41:31,808 - INFO - Logging configured to save to: /Users/detraviousjamaribrinkley/Documents/Development/research_labs/uf_ds/predictions/misc_experiments/../data/observation_logs
2025-06-12 09:41:31,809 - INFO - CSV file successfully read into DataFrame: /Users/detraviousjamaribrinkley/Documents/Development/research_labs/uf_ds/predictions/misc_experiments/../data/observation_logs/batch_4-observation/batch_4-from_df.csv
2025-06-12 09:51:33,438 - INFO - Logging configured to save to: /Users/detraviousjamaribrinkley/Documents/Development/research_labs/uf_ds/predictions/misc_experiments/../data/observation_logs
2025-06-12 09:51:33,438 - INFO - CSV file successfully read into DataFrame: /Users/detraviousjamaribrinkley/Documents/Development/research_labs/uf_ds/predictions/misc_experiments/../data/observation_logs/batch_4-observation/batch_4-from_df.csv
2025-06-12 11:50:39,629 - INFO - Logging configured to save to: /Users/detraviousjamaribrinkley/Documents/Development/research_labs/uf_ds/predictions/misc_experiments/../data/observation_logs
2025-06-12 11:50:39,630 - INFO - CSV file successfully read into DataFrame: /Users/detraviousjamaribrinkley/Documents/Development/research_labs/uf_ds/predictions/misc_experiments/../data/observation_logs/batch_4-observation/batch_4-from_df.csv
2025-06-13 11:48:51,796 - INFO - Logging configured to save to: /Users/detraviousjamaribrinkley/Documents/Development/research_labs/uf_ds/predictions/misc_experiments/../data/observation_logs
2025-06-13 11:48:51,797 - INFO - CSV file successfully read into DataFrame: /Users/detraviousjamaribrinkley/Documents/Development/research_labs/uf_ds/predictions/misc_experiments/../data/observation_logs/batch_4-observation/batch_4-from_df.csv
2025-06-13 11:49:38,342 - INFO - Logging configured to save to: /Users/detraviousjamaribrinkley/Documents/Development/research_labs/uf_ds/predictions/misc_experiments/../data/observation_logs
2025-06-13 11:49:38,343 - INFO - CSV file successfully read into DataFrame: /Users/detraviousjamaribrinkley/Documents/Development/research_labs/uf_ds/predictions/misc_experiments/../data/observation_logs/batch_4-observation/batch_4-from_df.csv
2025-06-13 11:50:00,959 - INFO - Logging configured to save to: /Users/detraviousjamaribrinkley/Documents/Development/research_labs/uf_ds/predictions/misc_experiments/../data/observation_logs
2025-06-13 11:50:00,960 - INFO - CSV file successfully read into DataFrame: /Users/detraviousjamaribrinkley/Documents/Development/research_labs/uf_ds/predictions/misc_experiments/../data/observation_logs/batch_4-observation/batch_4-from_df.csv
2025-06-13 11:51:14,785 - INFO - Logging configured to save to: /Users/detraviousjamaribrinkley/Documents/Development/research_labs/uf_ds/predictions/misc_experiments/../data/observation_logs
2025-06-13 11:51:14,787 - INFO - CSV file successfully read into DataFrame: /Users/detraviousjamaribrinkley/Documents/Development/research_labs/uf_ds/predictions/misc_experiments/../data/observation_logs/batch_4-observation/batch_4-from_df.csv
2025-06-13 11:51:28,266 - INFO - Logging configured to save to: /Users/detraviousjamaribrinkley/Documents/Development/research_labs/uf_ds/predictions/misc_experiments/../data/observation_logs
2025-06-13 11:51:28,267 - INFO - CSV file successfully read into DataFrame: /Users/detraviousjamaribrinkley/Documents/Development/research_labs/uf_ds/predictions/misc_experiments/../data/observation_logs/batch_4-observation/batch_4-from_df.csv
2025-06-13 11:52:12,537 - INFO - Logging configured to save to: /Users/detraviousjamaribrinkley/Documents/Development/research_labs/uf_ds/predictions/misc_experiments/../data/observation_logs
2025-06-13 11:52:12,538 - INFO - CSV file successfully read into DataFrame: /Users/detraviousjamaribrinkley/Documents/Development/research_labs/uf_ds/predictions/misc_experiments/../data/observation_logs/batch_4-observation/batch_4-from_df.csv
2025-06-13 12:45:04,702 - INFO - Logging configured to save to: /Users/detraviousjamaribrinkley/Documents/Development/research_labs/uf_ds/predictions/misc_experiments/../data/observation_logs
2025-06-13 12:45:04,703 - INFO - CSV file successfully read into DataFrame: /Users/detraviousjamaribrinkley/Documents/Development/research_labs/uf_ds/predictions/misc_experiments/../data/observation_logs/batch_4-observation/batch_4-from_df.csv
2025-06-13 12:45:53,078 - INFO - Logging configured to save to: /Users/detraviousjamaribrinkley/Documents/Development/research_labs/uf_ds/predictions/misc_experiments/../data/observation_logs
2025-06-13 12:45:53,079 - INFO - CSV file successfully read into DataFrame: /Users/detraviousjamaribrinkley/Documents/Development/research_labs/uf_ds/predictions/misc_experiments/../data/observation_logs/batch_4-observation/batch_4-from_df.csv
2025-06-13 12:48:57,217 - INFO - Logging configured to save to: /Users/detraviousjamaribrinkley/Documents/Development/research_labs/uf_ds/predictions/misc_experiments/../data/observation_logs
2025-06-13 12:48:57,219 - INFO - CSV file successfully read into DataFrame: /Users/detraviousjamaribrinkley/Documents/Development/research_labs/uf_ds/predictions/misc_experiments/../data/observation_logs/batch_4-observation/batch_4-from_df.csv
2025-06-13 12:54:43,265 - INFO - Logging configured to save to: /Users/detraviousjamaribrinkley/Documents/Development/research_labs/uf_ds/predictions/misc_experiments/../data/observation_logs
2025-06-13 12:54:43,266 - INFO - CSV file successfully read into DataFrame: /Users/detraviousjamaribrinkley/Documents/Development/research_labs/uf_ds/predictions/misc_experiments/../data/observation_logs/batch_4-observation/batch_4-from_df.csv
2025-06-13 12:55:04,693 - INFO - Logging configured to save to: /Users/detraviousjamaribrinkley/Documents/Development/research_labs/uf_ds/predictions/misc_experiments/../data/observation_logs
2025-06-13 12:55:04,693 - INFO - CSV file successfully read into DataFrame: /Users/detraviousjamaribrinkley/Documents/Development/research_labs/uf_ds/predictions/misc_experiments/../data/observation_logs/batch_4-observation/batch_4-from_df.csv
2025-06-13 12:55:25,097 - INFO - Logging configured to save to: /Users/detraviousjamaribrinkley/Documents/Development/research_labs/uf_ds/predictions/misc_experiments/../data/observation_logs
2025-06-13 12:55:25,097 - INFO - CSV file successfully read into DataFrame: /Users/detraviousjamaribrinkley/Documents/Development/research_labs/uf_ds/predictions/misc_experiments/../data/observation_logs/batch_4-observation/batch_4-from_df.csv
2025-06-13 12:58:31,630 - INFO - Logging configured to save to: /Users/detraviousjamaribrinkley/Documents/Development/research_labs/uf_ds/predictions/misc_experiments/../data/observation_logs
2025-06-13 12:58:31,630 - INFO - CSV file successfully read into DataFrame: /Users/detraviousjamaribrinkley/Documents/Development/research_labs/uf_ds/predictions/misc_experiments/../data/observation_logs/batch_4-observation/batch_4-from_df.csv
2025-06-16 09:42:24,705 - INFO - Logging configured to save to: /Users/detraviousjamaribrinkley/Documents/Development/research_labs/uf_ds/predictions/misc_experiments/../data/observation_logs
2025-06-16 09:42:24,706 - INFO - CSV file successfully read into DataFrame: /Users/detraviousjamaribrinkley/Documents/Development/research_labs/uf_ds/predictions/misc_experiments/../data/observation_logs/batch_4-observation/batch_4-from_df.csv
2025-06-16 10:12:58,257 - INFO - Logging configured to save to: /Users/detraviousjamaribrinkley/Documents/Development/research_labs/uf_ds/predictions/misc_experiments/../data/observation_logs
2025-06-16 10:12:58,259 - INFO - CSV file successfully read into DataFrame: /Users/detraviousjamaribrinkley/Documents/Development/research_labs/uf_ds/predictions/misc_experiments/../data/observation_logs/batch_4-observation/batch_4-from_df.csv
2025-06-17 12:54:44,132 - INFO - Logging configured to save to: /Users/detraviousjamaribrinkley/Documents/Development/research_labs/uf_ds/predictions/pipelines/../data/observation_logs
2025-06-17 12:54:44,133 - INFO - CSV file successfully read into DataFrame: /Users/detraviousjamaribrinkley/Documents/Development/research_labs/uf_ds/predictions/pipelines/../data/observation_logs/batch_4-observation/batch_4-from_df.csv
2025-07-03 15:58:33,382 - INFO - Logging configured to save to: /Users/detraviousjamaribrinkley/Documents/Development/research_labs/uf_ds/predictions/misc_experiments/../data/observation_logs
2025-07-03 15:58:33,384 - INFO - CSV file successfully read into DataFrame: /Users/detraviousjamaribrinkley/Documents/Development/research_labs/uf_ds/predictions/misc_experiments/../data/observation_logs/batch_4-observation/batch_4-from_df.csv
2025-07-03 16:06:40,346 - INFO - Logging configured to save to: /Users/detraviousjamaribrinkley/Documents/Development/research_labs/uf_ds/predictions/misc_experiments/../data/observation_logs
2025-07-03 16:06:40,346 - INFO - CSV file successfully read into DataFrame: /Users/detraviousjamaribrinkley/Documents/Development/research_labs/uf_ds/predictions/misc_experiments/../data/observation_logs/batch_4-observation/batch_4-from_df.csv
2025-07-07 23:28:18,906 - INFO - Logging configured to save to: /Users/detraviousjamaribrinkley/Documents/Development/research_labs/uf_ds/predictions/prediction_correctness_experiments/../data/observation_logs
2025-07-07 23:28:18,911 - INFO - CSV file successfully read into DataFrame: /Users/detraviousjamaribrinkley/Documents/Development/research_labs/uf_ds/predictions/prediction_correctness_experiments/../data/observation_logs/batch_4-observation/batch_4-from_df.csv
2025-07-07 23:33:48,451 - INFO - Logging configured to save to: /Users/detraviousjamaribrinkley/Documents/Development/research_labs/uf_ds/predictions/prediction_correctness_experiments/../data/observation_logs
2025-07-07 23:33:48,452 - INFO - CSV file successfully read into DataFrame: /Users/detraviousjamaribrinkley/Documents/Development/research_labs/uf_ds/predictions/prediction_correctness_experiments/../data/observation_logs/batch_4-observation/batch_4-from_df.csv
2025-07-07 23:42:41,020 - INFO - Logging configured to save to: /Users/detraviousjamaribrinkley/Documents/Development/research_labs/uf_ds/predictions/prediction_correctness_experiments/../data/observation_logs
2025-07-07 23:42:41,021 - INFO - CSV file successfully read into DataFrame: /Users/detraviousjamaribrinkley/Documents/Development/research_labs/uf_ds/predictions/prediction_correctness_experiments/../data/observation_logs/batch_4-observation/batch_4-from_df.csv
2025-07-08 12:54:19,964 - INFO - Logging configured to save to: /Users/detraviousjamaribrinkley/Documents/Development/research_labs/uf_ds/predictions/prediction_correctness_experiments/../data/observation_logs
2025-07-08 12:54:19,965 - INFO - CSV file successfully read into DataFrame: /Users/detraviousjamaribrinkley/Documents/Development/research_labs/uf_ds/predictions/prediction_correctness_experiments/../data/observation_logs/batch_4-observation/batch_4-from_df.csv
2025-07-08 12:57:57,866 - INFO - Logging configured to save to: /Users/detraviousjamaribrinkley/Documents/Development/research_labs/uf_ds/predictions/prediction_correctness_experiments/../data/observation_logs
2025-07-08 12:57:57,866 - INFO - CSV file successfully read into DataFrame: /Users/detraviousjamaribrinkley/Documents/Development/research_labs/uf_ds/predictions/prediction_correctness_experiments/../data/observation_logs/batch_4-observation/batch_4-from_df.csv
2025-07-08 12:58:23,939 - INFO - Logging configured to save to: /Users/detraviousjamaribrinkley/Documents/Development/research_labs/uf_ds/predictions/prediction_correctness_experiments/../data/observation_logs
2025-07-08 12:58:23,939 - INFO - CSV file successfully read into DataFrame: /Users/detraviousjamaribrinkley/Documents/Development/research_labs/uf_ds/predictions/prediction_correctness_experiments/../data/observation_logs/batch_4-observation/batch_4-from_df.csv
2025-07-08 13:08:12,921 - INFO - Logging configured to save to: /Users/detraviousjamaribrinkley/Documents/Development/research_labs/uf_ds/predictions/prediction_correctness_experiments/../data/observation_logs
2025-07-08 13:08:12,921 - INFO - CSV file successfully read into DataFrame: /Users/detraviousjamaribrinkley/Documents/Development/research_labs/uf_ds/predictions/prediction_correctness_experiments/../data/observation_logs/batch_4-observation/batch_4-from_df.csv
2025-07-09 11:16:07,628 - INFO - Logging configured to save to: /Users/detraviousjamaribrinkley/Documents/Development/research_labs/uf_ds/predictions/prediction_correctness_experiments/../data/observation_logs
2025-07-09 11:16:07,629 - INFO - CSV file successfully read into DataFrame: /Users/detraviousjamaribrinkley/Documents/Development/research_labs/uf_ds/predictions/prediction_correctness_experiments/../data/observation_logs/batch_4-observation/batch_4-from_df.csv
2025-07-09 12:17:15,417 - INFO - Logging configured to save to: /Users/detraviousjamaribrinkley/Documents/Development/research_labs/uf_ds/predictions/pipelines/../data/observation_logs
2025-07-09 12:17:15,418 - INFO - CSV file successfully read into DataFrame: /Users/detraviousjamaribrinkley/Documents/Development/research_labs/uf_ds/predictions/pipelines/../data/observation_logs/batch_4-observation/batch_4-from_df.csv
2025-07-09 12:17:55,225 - INFO - Logging configured to save to: /Users/detraviousjamaribrinkley/Documents/Development/research_labs/uf_ds/predictions/pipelines/../data/observation_logs
2025-07-09 12:17:55,226 - INFO - CSV file successfully read into DataFrame: /Users/detraviousjamaribrinkley/Documents/Development/research_labs/uf_ds/predictions/pipelines/../data/observation_logs/batch_4-observation/batch_4-from_df.csv
