2025-05-21 15:45:51,515 - INFO - Logging configured to save to: /Users/detraviousjamaribrinkley/Documents/Development/research_labs/uf_ds/predictions/data/observation_logs
2025-05-21 15:45:51,518 - INFO - DataFrame successfully written to CSV: /Users/detraviousjamaribrinkley/Documents/Development/research_labs/uf_ds/predictions/data/observation_logs/batch_2-observation/batch_2-from_df.csv
2025-05-21 15:45:51,519 - INFO - CSV content successfully written to log file: /Users/detraviousjamaribrinkley/Documents/Development/research_labs/uf_ds/predictions/data/observation_logs/batch_2-observation/batch_2-from_csv.log
2025-06-02 10:59:24,536 - INFO - Logging configured to save to: /Users/detraviousjamaribrinkley/Documents/Development/research_labs/uf_ds/predictions/misc_experiments/../data/observation_logs
2025-06-02 10:59:24,538 - INFO - CSV file successfully read into DataFrame: /Users/detraviousjamaribrinkley/Documents/Development/research_labs/uf_ds/predictions/misc_experiments/../data/observation_logs/batch_2-observation/batch_2-from_df.csv
2025-06-02 11:00:32,217 - INFO - Logging configured to save to: /Users/detraviousjamaribrinkley/Documents/Development/research_labs/uf_ds/predictions/misc_experiments/../data/observation_logs
2025-06-02 11:00:32,218 - INFO - CSV file successfully read into DataFrame: /Users/detraviousjamaribrinkley/Documents/Development/research_labs/uf_ds/predictions/misc_experiments/../data/observation_logs/batch_2-observation/batch_2-from_df.csv
2025-06-02 11:15:03,542 - INFO - Logging configured to save to: /Users/detraviousjamaribrinkley/Documents/Development/research_labs/uf_ds/predictions/misc_experiments/../data/observation_logs
2025-06-02 11:15:03,542 - INFO - CSV file successfully read into DataFrame: /Users/detraviousjamaribrinkley/Documents/Development/research_labs/uf_ds/predictions/misc_experiments/../data/observation_logs/batch_2-observation/batch_2-from_df.csv
2025-06-02 12:15:20,138 - INFO - Logging configured to save to: /Users/detraviousjamaribrinkley/Documents/Development/research_labs/uf_ds/predictions/misc_experiments/../data/observation_logs
2025-06-02 12:15:20,139 - INFO - CSV file successfully read into DataFrame: /Users/detraviousjamaribrinkley/Documents/Development/research_labs/uf_ds/predictions/misc_experiments/../data/observation_logs/batch_2-observation/batch_2-from_df.csv
2025-06-12 08:31:56,975 - INFO - Logging configured to save to: /Users/detraviousjamaribrinkley/Documents/Development/research_labs/uf_ds/predictions/misc_experiments/../data/observation_logs
2025-06-12 08:31:56,976 - INFO - CSV file successfully read into DataFrame: /Users/detraviousjamaribrinkley/Documents/Development/research_labs/uf_ds/predictions/misc_experiments/../data/observation_logs/batch_2-observation/batch_2-from_df.csv
2025-06-12 09:27:29,528 - INFO - Logging configured to save to: /Users/detraviousjamaribrinkley/Documents/Development/research_labs/uf_ds/predictions/misc_experiments/../data/observation_logs
2025-06-12 09:27:29,530 - INFO - CSV file successfully read into DataFrame: /Users/detraviousjamaribrinkley/Documents/Development/research_labs/uf_ds/predictions/misc_experiments/../data/observation_logs/batch_2-observation/batch_2-from_df.csv
2025-06-12 09:30:36,601 - INFO - Logging configured to save to: /Users/detraviousjamaribrinkley/Documents/Development/research_labs/uf_ds/predictions/misc_experiments/../data/observation_logs
2025-06-12 09:30:36,602 - INFO - CSV file successfully read into DataFrame: /Users/detraviousjamaribrinkley/Documents/Development/research_labs/uf_ds/predictions/misc_experiments/../data/observation_logs/batch_2-observation/batch_2-from_df.csv
2025-06-12 09:35:22,704 - INFO - Logging configured to save to: /Users/detraviousjamaribrinkley/Documents/Development/research_labs/uf_ds/predictions/misc_experiments/../data/observation_logs
2025-06-12 09:35:22,706 - INFO - CSV file successfully read into DataFrame: /Users/detraviousjamaribrinkley/Documents/Development/research_labs/uf_ds/predictions/misc_experiments/../data/observation_logs/batch_2-observation/batch_2-from_df.csv
2025-06-12 09:40:22,069 - INFO - Logging configured to save to: /Users/detraviousjamaribrinkley/Documents/Development/research_labs/uf_ds/predictions/misc_experiments/../data/observation_logs
2025-06-12 09:40:22,070 - INFO - CSV file successfully read into DataFrame: /Users/detraviousjamaribrinkley/Documents/Development/research_labs/uf_ds/predictions/misc_experiments/../data/observation_logs/batch_2-observation/batch_2-from_df.csv
2025-06-12 09:40:44,602 - INFO - Logging configured to save to: /Users/detraviousjamaribrinkley/Documents/Development/research_labs/uf_ds/predictions/misc_experiments/../data/observation_logs
2025-06-12 09:40:44,603 - INFO - CSV file successfully read into DataFrame: /Users/detraviousjamaribrinkley/Documents/Development/research_labs/uf_ds/predictions/misc_experiments/../data/observation_logs/batch_2-observation/batch_2-from_df.csv
2025-06-12 09:41:31,807 - INFO - Logging configured to save to: /Users/detraviousjamaribrinkley/Documents/Development/research_labs/uf_ds/predictions/misc_experiments/../data/observation_logs
2025-06-12 09:41:31,808 - INFO - CSV file successfully read into DataFrame: /Users/detraviousjamaribrinkley/Documents/Development/research_labs/uf_ds/predictions/misc_experiments/../data/observation_logs/batch_2-observation/batch_2-from_df.csv
2025-06-12 09:51:33,436 - INFO - Logging configured to save to: /Users/detraviousjamaribrinkley/Documents/Development/research_labs/uf_ds/predictions/misc_experiments/../data/observation_logs
2025-06-12 09:51:33,437 - INFO - CSV file successfully read into DataFrame: /Users/detraviousjamaribrinkley/Documents/Development/research_labs/uf_ds/predictions/misc_experiments/../data/observation_logs/batch_2-observation/batch_2-from_df.csv
2025-06-12 11:50:39,626 - INFO - Logging configured to save to: /Users/detraviousjamaribrinkley/Documents/Development/research_labs/uf_ds/predictions/misc_experiments/../data/observation_logs
2025-06-12 11:50:39,628 - INFO - CSV file successfully read into DataFrame: /Users/detraviousjamaribrinkley/Documents/Development/research_labs/uf_ds/predictions/misc_experiments/../data/observation_logs/batch_2-observation/batch_2-from_df.csv
2025-06-13 11:48:51,792 - INFO - Logging configured to save to: /Users/detraviousjamaribrinkley/Documents/Development/research_labs/uf_ds/predictions/misc_experiments/../data/observation_logs
2025-06-13 11:48:51,794 - INFO - CSV file successfully read into DataFrame: /Users/detraviousjamaribrinkley/Documents/Development/research_labs/uf_ds/predictions/misc_experiments/../data/observation_logs/batch_2-observation/batch_2-from_df.csv
2025-06-13 11:49:38,341 - INFO - Logging configured to save to: /Users/detraviousjamaribrinkley/Documents/Development/research_labs/uf_ds/predictions/misc_experiments/../data/observation_logs
2025-06-13 11:49:38,342 - INFO - CSV file successfully read into DataFrame: /Users/detraviousjamaribrinkley/Documents/Development/research_labs/uf_ds/predictions/misc_experiments/../data/observation_logs/batch_2-observation/batch_2-from_df.csv
2025-06-13 11:50:00,957 - INFO - Logging configured to save to: /Users/detraviousjamaribrinkley/Documents/Development/research_labs/uf_ds/predictions/misc_experiments/../data/observation_logs
2025-06-13 11:50:00,958 - INFO - CSV file successfully read into DataFrame: /Users/detraviousjamaribrinkley/Documents/Development/research_labs/uf_ds/predictions/misc_experiments/../data/observation_logs/batch_2-observation/batch_2-from_df.csv
2025-06-13 11:51:14,782 - INFO - Logging configured to save to: /Users/detraviousjamaribrinkley/Documents/Development/research_labs/uf_ds/predictions/misc_experiments/../data/observation_logs
2025-06-13 11:51:14,783 - INFO - CSV file successfully read into DataFrame: /Users/detraviousjamaribrinkley/Documents/Development/research_labs/uf_ds/predictions/misc_experiments/../data/observation_logs/batch_2-observation/batch_2-from_df.csv
2025-06-13 11:51:28,264 - INFO - Logging configured to save to: /Users/detraviousjamaribrinkley/Documents/Development/research_labs/uf_ds/predictions/misc_experiments/../data/observation_logs
2025-06-13 11:51:28,265 - INFO - CSV file successfully read into DataFrame: /Users/detraviousjamaribrinkley/Documents/Development/research_labs/uf_ds/predictions/misc_experiments/../data/observation_logs/batch_2-observation/batch_2-from_df.csv
2025-06-13 11:52:12,536 - INFO - Logging configured to save to: /Users/detraviousjamaribrinkley/Documents/Development/research_labs/uf_ds/predictions/misc_experiments/../data/observation_logs
2025-06-13 11:52:12,536 - INFO - CSV file successfully read into DataFrame: /Users/detraviousjamaribrinkley/Documents/Development/research_labs/uf_ds/predictions/misc_experiments/../data/observation_logs/batch_2-observation/batch_2-from_df.csv
2025-06-13 12:45:04,701 - INFO - Logging configured to save to: /Users/detraviousjamaribrinkley/Documents/Development/research_labs/uf_ds/predictions/misc_experiments/../data/observation_logs
2025-06-13 12:45:04,701 - INFO - CSV file successfully read into DataFrame: /Users/detraviousjamaribrinkley/Documents/Development/research_labs/uf_ds/predictions/misc_experiments/../data/observation_logs/batch_2-observation/batch_2-from_df.csv
2025-06-13 12:45:53,076 - INFO - Logging configured to save to: /Users/detraviousjamaribrinkley/Documents/Development/research_labs/uf_ds/predictions/misc_experiments/../data/observation_logs
2025-06-13 12:45:53,077 - INFO - CSV file successfully read into DataFrame: /Users/detraviousjamaribrinkley/Documents/Development/research_labs/uf_ds/predictions/misc_experiments/../data/observation_logs/batch_2-observation/batch_2-from_df.csv
2025-06-13 12:48:57,215 - INFO - Logging configured to save to: /Users/detraviousjamaribrinkley/Documents/Development/research_labs/uf_ds/predictions/misc_experiments/../data/observation_logs
2025-06-13 12:48:57,216 - INFO - CSV file successfully read into DataFrame: /Users/detraviousjamaribrinkley/Documents/Development/research_labs/uf_ds/predictions/misc_experiments/../data/observation_logs/batch_2-observation/batch_2-from_df.csv
2025-06-13 12:54:43,263 - INFO - Logging configured to save to: /Users/detraviousjamaribrinkley/Documents/Development/research_labs/uf_ds/predictions/misc_experiments/../data/observation_logs
2025-06-13 12:54:43,264 - INFO - CSV file successfully read into DataFrame: /Users/detraviousjamaribrinkley/Documents/Development/research_labs/uf_ds/predictions/misc_experiments/../data/observation_logs/batch_2-observation/batch_2-from_df.csv
2025-06-13 12:55:04,690 - INFO - Logging configured to save to: /Users/detraviousjamaribrinkley/Documents/Development/research_labs/uf_ds/predictions/misc_experiments/../data/observation_logs
2025-06-13 12:55:04,691 - INFO - CSV file successfully read into DataFrame: /Users/detraviousjamaribrinkley/Documents/Development/research_labs/uf_ds/predictions/misc_experiments/../data/observation_logs/batch_2-observation/batch_2-from_df.csv
2025-06-13 12:55:25,095 - INFO - Logging configured to save to: /Users/detraviousjamaribrinkley/Documents/Development/research_labs/uf_ds/predictions/misc_experiments/../data/observation_logs
2025-06-13 12:55:25,096 - INFO - CSV file successfully read into DataFrame: /Users/detraviousjamaribrinkley/Documents/Development/research_labs/uf_ds/predictions/misc_experiments/../data/observation_logs/batch_2-observation/batch_2-from_df.csv
2025-06-13 12:58:31,628 - INFO - Logging configured to save to: /Users/detraviousjamaribrinkley/Documents/Development/research_labs/uf_ds/predictions/misc_experiments/../data/observation_logs
2025-06-13 12:58:31,629 - INFO - CSV file successfully read into DataFrame: /Users/detraviousjamaribrinkley/Documents/Development/research_labs/uf_ds/predictions/misc_experiments/../data/observation_logs/batch_2-observation/batch_2-from_df.csv
2025-06-16 09:42:24,702 - INFO - Logging configured to save to: /Users/detraviousjamaribrinkley/Documents/Development/research_labs/uf_ds/predictions/misc_experiments/../data/observation_logs
2025-06-16 09:42:24,703 - INFO - CSV file successfully read into DataFrame: /Users/detraviousjamaribrinkley/Documents/Development/research_labs/uf_ds/predictions/misc_experiments/../data/observation_logs/batch_2-observation/batch_2-from_df.csv
2025-06-16 10:12:58,255 - INFO - Logging configured to save to: /Users/detraviousjamaribrinkley/Documents/Development/research_labs/uf_ds/predictions/misc_experiments/../data/observation_logs
2025-06-16 10:12:58,256 - INFO - CSV file successfully read into DataFrame: /Users/detraviousjamaribrinkley/Documents/Development/research_labs/uf_ds/predictions/misc_experiments/../data/observation_logs/batch_2-observation/batch_2-from_df.csv
2025-06-17 12:54:44,130 - INFO - Logging configured to save to: /Users/detraviousjamaribrinkley/Documents/Development/research_labs/uf_ds/predictions/pipelines/../data/observation_logs
2025-06-17 12:54:44,131 - INFO - CSV file successfully read into DataFrame: /Users/detraviousjamaribrinkley/Documents/Development/research_labs/uf_ds/predictions/pipelines/../data/observation_logs/batch_2-observation/batch_2-from_df.csv
2025-07-03 15:58:33,379 - INFO - Logging configured to save to: /Users/detraviousjamaribrinkley/Documents/Development/research_labs/uf_ds/predictions/misc_experiments/../data/observation_logs
2025-07-03 15:58:33,380 - INFO - CSV file successfully read into DataFrame: /Users/detraviousjamaribrinkley/Documents/Development/research_labs/uf_ds/predictions/misc_experiments/../data/observation_logs/batch_2-observation/batch_2-from_df.csv
2025-07-03 16:06:40,344 - INFO - Logging configured to save to: /Users/detraviousjamaribrinkley/Documents/Development/research_labs/uf_ds/predictions/misc_experiments/../data/observation_logs
2025-07-03 16:06:40,345 - INFO - CSV file successfully read into DataFrame: /Users/detraviousjamaribrinkley/Documents/Development/research_labs/uf_ds/predictions/misc_experiments/../data/observation_logs/batch_2-observation/batch_2-from_df.csv
2025-07-07 23:28:18,902 - INFO - Logging configured to save to: /Users/detraviousjamaribrinkley/Documents/Development/research_labs/uf_ds/predictions/prediction_correctness_experiments/../data/observation_logs
2025-07-07 23:28:18,904 - INFO - CSV file successfully read into DataFrame: /Users/detraviousjamaribrinkley/Documents/Development/research_labs/uf_ds/predictions/prediction_correctness_experiments/../data/observation_logs/batch_2-observation/batch_2-from_df.csv
2025-07-07 23:33:48,450 - INFO - Logging configured to save to: /Users/detraviousjamaribrinkley/Documents/Development/research_labs/uf_ds/predictions/prediction_correctness_experiments/../data/observation_logs
2025-07-07 23:33:48,450 - INFO - CSV file successfully read into DataFrame: /Users/detraviousjamaribrinkley/Documents/Development/research_labs/uf_ds/predictions/prediction_correctness_experiments/../data/observation_logs/batch_2-observation/batch_2-from_df.csv
2025-07-07 23:42:41,019 - INFO - Logging configured to save to: /Users/detraviousjamaribrinkley/Documents/Development/research_labs/uf_ds/predictions/prediction_correctness_experiments/../data/observation_logs
2025-07-07 23:42:41,019 - INFO - CSV file successfully read into DataFrame: /Users/detraviousjamaribrinkley/Documents/Development/research_labs/uf_ds/predictions/prediction_correctness_experiments/../data/observation_logs/batch_2-observation/batch_2-from_df.csv
2025-07-08 12:54:19,961 - INFO - Logging configured to save to: /Users/detraviousjamaribrinkley/Documents/Development/research_labs/uf_ds/predictions/prediction_correctness_experiments/../data/observation_logs
2025-07-08 12:54:19,962 - INFO - CSV file successfully read into DataFrame: /Users/detraviousjamaribrinkley/Documents/Development/research_labs/uf_ds/predictions/prediction_correctness_experiments/../data/observation_logs/batch_2-observation/batch_2-from_df.csv
2025-07-08 12:57:57,864 - INFO - Logging configured to save to: /Users/detraviousjamaribrinkley/Documents/Development/research_labs/uf_ds/predictions/prediction_correctness_experiments/../data/observation_logs
2025-07-08 12:57:57,865 - INFO - CSV file successfully read into DataFrame: /Users/detraviousjamaribrinkley/Documents/Development/research_labs/uf_ds/predictions/prediction_correctness_experiments/../data/observation_logs/batch_2-observation/batch_2-from_df.csv
2025-07-08 12:58:23,937 - INFO - Logging configured to save to: /Users/detraviousjamaribrinkley/Documents/Development/research_labs/uf_ds/predictions/prediction_correctness_experiments/../data/observation_logs
2025-07-08 12:58:23,938 - INFO - CSV file successfully read into DataFrame: /Users/detraviousjamaribrinkley/Documents/Development/research_labs/uf_ds/predictions/prediction_correctness_experiments/../data/observation_logs/batch_2-observation/batch_2-from_df.csv
2025-07-08 13:08:12,919 - INFO - Logging configured to save to: /Users/detraviousjamaribrinkley/Documents/Development/research_labs/uf_ds/predictions/prediction_correctness_experiments/../data/observation_logs
2025-07-08 13:08:12,920 - INFO - CSV file successfully read into DataFrame: /Users/detraviousjamaribrinkley/Documents/Development/research_labs/uf_ds/predictions/prediction_correctness_experiments/../data/observation_logs/batch_2-observation/batch_2-from_df.csv
2025-07-09 11:16:07,625 - INFO - Logging configured to save to: /Users/detraviousjamaribrinkley/Documents/Development/research_labs/uf_ds/predictions/prediction_correctness_experiments/../data/observation_logs
2025-07-09 11:16:07,626 - INFO - CSV file successfully read into DataFrame: /Users/detraviousjamaribrinkley/Documents/Development/research_labs/uf_ds/predictions/prediction_correctness_experiments/../data/observation_logs/batch_2-observation/batch_2-from_df.csv
2025-07-09 12:17:15,414 - INFO - Logging configured to save to: /Users/detraviousjamaribrinkley/Documents/Development/research_labs/uf_ds/predictions/pipelines/../data/observation_logs
2025-07-09 12:17:15,415 - INFO - CSV file successfully read into DataFrame: /Users/detraviousjamaribrinkley/Documents/Development/research_labs/uf_ds/predictions/pipelines/../data/observation_logs/batch_2-observation/batch_2-from_df.csv
2025-07-09 12:17:55,223 - INFO - Logging configured to save to: /Users/detraviousjamaribrinkley/Documents/Development/research_labs/uf_ds/predictions/pipelines/../data/observation_logs
2025-07-09 12:17:55,224 - INFO - CSV file successfully read into DataFrame: /Users/detraviousjamaribrinkley/Documents/Development/research_labs/uf_ds/predictions/pipelines/../data/observation_logs/batch_2-observation/batch_2-from_df.csv
2025-07-09 12:58:56,082 - INFO - Logging configured to save to: /Users/detraviousjamaribrinkley/Documents/Development/research_labs/uf_ds/scratch-predictions/predictions/pipelines/../../data/observation_logs
2025-07-09 12:58:56,084 - INFO - CSV file successfully read into DataFrame: /Users/detraviousjamaribrinkley/Documents/Development/research_labs/uf_ds/scratch-predictions/predictions/pipelines/../../data/observation_logs/batch_2-observation/batch_2-from_df.csv
2025-07-09 12:59:45,345 - INFO - Logging configured to save to: /Users/detraviousjamaribrinkley/Documents/Development/research_labs/uf_ds/scratch-predictions/predictions/pipelines/../../data/observation_logs
2025-07-09 12:59:45,346 - INFO - CSV file successfully read into DataFrame: /Users/detraviousjamaribrinkley/Documents/Development/research_labs/uf_ds/scratch-predictions/predictions/pipelines/../../data/observation_logs/batch_2-observation/batch_2-from_df.csv
