2025-05-21 15:13:59,778 - INFO - Logging configured to save to: /Users/detraviousjamaribrinkley/Documents/Development/research_labs/uf_ds/predictions/data/prediction_logs
2025-05-21 15:13:59,781 - INFO - DataFrame successfully written to CSV: /Users/detraviousjamaribrinkley/Documents/Development/research_labs/uf_ds/predictions/data/prediction_logs/batch_1-prediction/batch_1-from_df.csv
2025-05-21 15:13:59,782 - INFO - CSV content successfully written to log file: /Users/detraviousjamaribrinkley/Documents/Development/research_labs/uf_ds/predictions/data/prediction_logs/batch_1-prediction/batch_1-from_csv.log
2025-05-27 20:25:29,984 - INFO - Logging configured to save to: /Users/detraviousjamaribrinkley/Documents/Development/research_labs/uf_ds/predictions/pipelines/../data/prediction_logs
2025-05-27 20:25:29,988 - INFO - CSV file successfully read into DataFrame: /Users/detraviousjamaribrinkley/Documents/Development/research_labs/uf_ds/predictions/pipelines/../data/prediction_logs/batch_1-prediction/batch_1-from_df.csv
2025-06-01 12:24:57,095 - INFO - Logging configured to save to: /Users/detraviousjamaribrinkley/Documents/Development/research_labs/uf_ds/predictions/misc_experiments/../data/prediction_logs
2025-06-01 12:24:57,097 - INFO - CSV file successfully read into DataFrame: /Users/detraviousjamaribrinkley/Documents/Development/research_labs/uf_ds/predictions/misc_experiments/../data/prediction_logs/batch_1-prediction/batch_1-from_df.csv
2025-06-01 12:27:18,843 - INFO - Logging configured to save to: /Users/detraviousjamaribrinkley/Documents/Development/research_labs/uf_ds/predictions/misc_experiments/../data/prediction_logs
2025-06-01 12:27:18,845 - INFO - CSV file successfully read into DataFrame: /Users/detraviousjamaribrinkley/Documents/Development/research_labs/uf_ds/predictions/misc_experiments/../data/prediction_logs/batch_1-prediction/batch_1-from_df.csv
2025-06-01 12:27:33,940 - INFO - Logging configured to save to: /Users/detraviousjamaribrinkley/Documents/Development/research_labs/uf_ds/predictions/misc_experiments/../data/prediction_logs
2025-06-01 12:27:33,941 - INFO - CSV file successfully read into DataFrame: /Users/detraviousjamaribrinkley/Documents/Development/research_labs/uf_ds/predictions/misc_experiments/../data/prediction_logs/batch_1-prediction/batch_1-from_df.csv
2025-06-01 12:28:49,261 - INFO - Logging configured to save to: /Users/detraviousjamaribrinkley/Documents/Development/research_labs/uf_ds/predictions/misc_experiments/../data/prediction_logs
2025-06-01 12:28:49,262 - INFO - CSV file successfully read into DataFrame: /Users/detraviousjamaribrinkley/Documents/Development/research_labs/uf_ds/predictions/misc_experiments/../data/prediction_logs/batch_1-prediction/batch_1-from_df.csv
2025-06-01 12:31:09,082 - INFO - Logging configured to save to: /Users/detraviousjamaribrinkley/Documents/Development/research_labs/uf_ds/predictions/misc_experiments/../data/prediction_logs
2025-06-01 12:31:09,082 - INFO - CSV file successfully read into DataFrame: /Users/detraviousjamaribrinkley/Documents/Development/research_labs/uf_ds/predictions/misc_experiments/../data/prediction_logs/batch_1-prediction/batch_1-from_df.csv
2025-06-01 12:36:40,188 - INFO - Logging configured to save to: /Users/detraviousjamaribrinkley/Documents/Development/research_labs/uf_ds/predictions/misc_experiments/../data/prediction_logs
2025-06-01 12:36:40,189 - INFO - CSV file successfully read into DataFrame: /Users/detraviousjamaribrinkley/Documents/Development/research_labs/uf_ds/predictions/misc_experiments/../data/prediction_logs/batch_1-prediction/batch_1-from_df.csv
2025-06-02 10:59:14,247 - INFO - Logging configured to save to: /Users/detraviousjamaribrinkley/Documents/Development/research_labs/uf_ds/predictions/misc_experiments/../data/prediction_logs
2025-06-02 10:59:14,248 - INFO - CSV file successfully read into DataFrame: /Users/detraviousjamaribrinkley/Documents/Development/research_labs/uf_ds/predictions/misc_experiments/../data/prediction_logs/batch_1-prediction/batch_1-from_df.csv
2025-06-02 11:00:31,237 - INFO - Logging configured to save to: /Users/detraviousjamaribrinkley/Documents/Development/research_labs/uf_ds/predictions/misc_experiments/../data/prediction_logs
2025-06-02 11:00:31,238 - INFO - CSV file successfully read into DataFrame: /Users/detraviousjamaribrinkley/Documents/Development/research_labs/uf_ds/predictions/misc_experiments/../data/prediction_logs/batch_1-prediction/batch_1-from_df.csv
2025-06-02 11:15:03,530 - INFO - Logging configured to save to: /Users/detraviousjamaribrinkley/Documents/Development/research_labs/uf_ds/predictions/misc_experiments/../data/prediction_logs
2025-06-02 11:15:03,531 - INFO - CSV file successfully read into DataFrame: /Users/detraviousjamaribrinkley/Documents/Development/research_labs/uf_ds/predictions/misc_experiments/../data/prediction_logs/batch_1-prediction/batch_1-from_df.csv
2025-06-02 12:15:20,126 - INFO - Logging configured to save to: /Users/detraviousjamaribrinkley/Documents/Development/research_labs/uf_ds/predictions/misc_experiments/../data/prediction_logs
2025-06-02 12:15:20,128 - INFO - CSV file successfully read into DataFrame: /Users/detraviousjamaribrinkley/Documents/Development/research_labs/uf_ds/predictions/misc_experiments/../data/prediction_logs/batch_1-prediction/batch_1-from_df.csv
2025-06-12 08:31:56,962 - INFO - Logging configured to save to: /Users/detraviousjamaribrinkley/Documents/Development/research_labs/uf_ds/predictions/misc_experiments/../data/prediction_logs
2025-06-12 08:31:56,964 - INFO - CSV file successfully read into DataFrame: /Users/detraviousjamaribrinkley/Documents/Development/research_labs/uf_ds/predictions/misc_experiments/../data/prediction_logs/batch_1-prediction/batch_1-from_df.csv
2025-06-12 09:27:29,505 - INFO - Logging configured to save to: /Users/detraviousjamaribrinkley/Documents/Development/research_labs/uf_ds/predictions/misc_experiments/../data/prediction_logs
2025-06-12 09:27:29,506 - INFO - CSV file successfully read into DataFrame: /Users/detraviousjamaribrinkley/Documents/Development/research_labs/uf_ds/predictions/misc_experiments/../data/prediction_logs/batch_1-prediction/batch_1-from_df.csv
2025-06-12 09:30:36,566 - INFO - Logging configured to save to: /Users/detraviousjamaribrinkley/Documents/Development/research_labs/uf_ds/predictions/misc_experiments/../data/prediction_logs
2025-06-12 09:30:36,568 - INFO - CSV file successfully read into DataFrame: /Users/detraviousjamaribrinkley/Documents/Development/research_labs/uf_ds/predictions/misc_experiments/../data/prediction_logs/batch_1-prediction/batch_1-from_df.csv
2025-06-12 09:35:22,689 - INFO - Logging configured to save to: /Users/detraviousjamaribrinkley/Documents/Development/research_labs/uf_ds/predictions/misc_experiments/../data/prediction_logs
2025-06-12 09:35:22,692 - INFO - CSV file successfully read into DataFrame: /Users/detraviousjamaribrinkley/Documents/Development/research_labs/uf_ds/predictions/misc_experiments/../data/prediction_logs/batch_1-prediction/batch_1-from_df.csv
2025-06-12 09:40:22,059 - INFO - Logging configured to save to: /Users/detraviousjamaribrinkley/Documents/Development/research_labs/uf_ds/predictions/misc_experiments/../data/prediction_logs
2025-06-12 09:40:22,060 - INFO - CSV file successfully read into DataFrame: /Users/detraviousjamaribrinkley/Documents/Development/research_labs/uf_ds/predictions/misc_experiments/../data/prediction_logs/batch_1-prediction/batch_1-from_df.csv
2025-06-12 09:40:44,593 - INFO - Logging configured to save to: /Users/detraviousjamaribrinkley/Documents/Development/research_labs/uf_ds/predictions/misc_experiments/../data/prediction_logs
2025-06-12 09:40:44,594 - INFO - CSV file successfully read into DataFrame: /Users/detraviousjamaribrinkley/Documents/Development/research_labs/uf_ds/predictions/misc_experiments/../data/prediction_logs/batch_1-prediction/batch_1-from_df.csv
2025-06-12 09:41:31,798 - INFO - Logging configured to save to: /Users/detraviousjamaribrinkley/Documents/Development/research_labs/uf_ds/predictions/misc_experiments/../data/prediction_logs
2025-06-12 09:41:31,799 - INFO - CSV file successfully read into DataFrame: /Users/detraviousjamaribrinkley/Documents/Development/research_labs/uf_ds/predictions/misc_experiments/../data/prediction_logs/batch_1-prediction/batch_1-from_df.csv
2025-06-12 09:51:33,425 - INFO - Logging configured to save to: /Users/detraviousjamaribrinkley/Documents/Development/research_labs/uf_ds/predictions/misc_experiments/../data/prediction_logs
2025-06-12 09:51:33,426 - INFO - CSV file successfully read into DataFrame: /Users/detraviousjamaribrinkley/Documents/Development/research_labs/uf_ds/predictions/misc_experiments/../data/prediction_logs/batch_1-prediction/batch_1-from_df.csv
2025-06-12 11:50:39,616 - INFO - Logging configured to save to: /Users/detraviousjamaribrinkley/Documents/Development/research_labs/uf_ds/predictions/misc_experiments/../data/prediction_logs
2025-06-12 11:50:39,617 - INFO - CSV file successfully read into DataFrame: /Users/detraviousjamaribrinkley/Documents/Development/research_labs/uf_ds/predictions/misc_experiments/../data/prediction_logs/batch_1-prediction/batch_1-from_df.csv
2025-06-13 11:48:51,777 - INFO - Logging configured to save to: /Users/detraviousjamaribrinkley/Documents/Development/research_labs/uf_ds/predictions/misc_experiments/../data/prediction_logs
2025-06-13 11:48:51,778 - INFO - CSV file successfully read into DataFrame: /Users/detraviousjamaribrinkley/Documents/Development/research_labs/uf_ds/predictions/misc_experiments/../data/prediction_logs/batch_1-prediction/batch_1-from_df.csv
2025-06-13 11:49:38,332 - INFO - Logging configured to save to: /Users/detraviousjamaribrinkley/Documents/Development/research_labs/uf_ds/predictions/misc_experiments/../data/prediction_logs
2025-06-13 11:49:38,333 - INFO - CSV file successfully read into DataFrame: /Users/detraviousjamaribrinkley/Documents/Development/research_labs/uf_ds/predictions/misc_experiments/../data/prediction_logs/batch_1-prediction/batch_1-from_df.csv
2025-06-13 11:50:00,948 - INFO - Logging configured to save to: /Users/detraviousjamaribrinkley/Documents/Development/research_labs/uf_ds/predictions/misc_experiments/../data/prediction_logs
2025-06-13 11:50:00,949 - INFO - CSV file successfully read into DataFrame: /Users/detraviousjamaribrinkley/Documents/Development/research_labs/uf_ds/predictions/misc_experiments/../data/prediction_logs/batch_1-prediction/batch_1-from_df.csv
2025-06-13 11:51:14,772 - INFO - Logging configured to save to: /Users/detraviousjamaribrinkley/Documents/Development/research_labs/uf_ds/predictions/misc_experiments/../data/prediction_logs
2025-06-13 11:51:14,773 - INFO - CSV file successfully read into DataFrame: /Users/detraviousjamaribrinkley/Documents/Development/research_labs/uf_ds/predictions/misc_experiments/../data/prediction_logs/batch_1-prediction/batch_1-from_df.csv
2025-06-13 11:51:28,251 - INFO - Logging configured to save to: /Users/detraviousjamaribrinkley/Documents/Development/research_labs/uf_ds/predictions/misc_experiments/../data/prediction_logs
2025-06-13 11:51:28,252 - INFO - CSV file successfully read into DataFrame: /Users/detraviousjamaribrinkley/Documents/Development/research_labs/uf_ds/predictions/misc_experiments/../data/prediction_logs/batch_1-prediction/batch_1-from_df.csv
2025-06-13 11:52:12,527 - INFO - Logging configured to save to: /Users/detraviousjamaribrinkley/Documents/Development/research_labs/uf_ds/predictions/misc_experiments/../data/prediction_logs
2025-06-13 11:52:12,528 - INFO - CSV file successfully read into DataFrame: /Users/detraviousjamaribrinkley/Documents/Development/research_labs/uf_ds/predictions/misc_experiments/../data/prediction_logs/batch_1-prediction/batch_1-from_df.csv
2025-06-13 12:45:04,692 - INFO - Logging configured to save to: /Users/detraviousjamaribrinkley/Documents/Development/research_labs/uf_ds/predictions/misc_experiments/../data/prediction_logs
2025-06-13 12:45:04,693 - INFO - CSV file successfully read into DataFrame: /Users/detraviousjamaribrinkley/Documents/Development/research_labs/uf_ds/predictions/misc_experiments/../data/prediction_logs/batch_1-prediction/batch_1-from_df.csv
2025-06-13 12:45:53,063 - INFO - Logging configured to save to: /Users/detraviousjamaribrinkley/Documents/Development/research_labs/uf_ds/predictions/misc_experiments/../data/prediction_logs
2025-06-13 12:45:53,064 - INFO - CSV file successfully read into DataFrame: /Users/detraviousjamaribrinkley/Documents/Development/research_labs/uf_ds/predictions/misc_experiments/../data/prediction_logs/batch_1-prediction/batch_1-from_df.csv
2025-06-13 12:48:57,206 - INFO - Logging configured to save to: /Users/detraviousjamaribrinkley/Documents/Development/research_labs/uf_ds/predictions/misc_experiments/../data/prediction_logs
2025-06-13 12:48:57,207 - INFO - CSV file successfully read into DataFrame: /Users/detraviousjamaribrinkley/Documents/Development/research_labs/uf_ds/predictions/misc_experiments/../data/prediction_logs/batch_1-prediction/batch_1-from_df.csv
2025-06-13 12:54:43,250 - INFO - Logging configured to save to: /Users/detraviousjamaribrinkley/Documents/Development/research_labs/uf_ds/predictions/misc_experiments/../data/prediction_logs
2025-06-13 12:54:43,252 - INFO - CSV file successfully read into DataFrame: /Users/detraviousjamaribrinkley/Documents/Development/research_labs/uf_ds/predictions/misc_experiments/../data/prediction_logs/batch_1-prediction/batch_1-from_df.csv
2025-06-13 12:55:04,680 - INFO - Logging configured to save to: /Users/detraviousjamaribrinkley/Documents/Development/research_labs/uf_ds/predictions/misc_experiments/../data/prediction_logs
2025-06-13 12:55:04,681 - INFO - CSV file successfully read into DataFrame: /Users/detraviousjamaribrinkley/Documents/Development/research_labs/uf_ds/predictions/misc_experiments/../data/prediction_logs/batch_1-prediction/batch_1-from_df.csv
2025-06-13 12:55:25,086 - INFO - Logging configured to save to: /Users/detraviousjamaribrinkley/Documents/Development/research_labs/uf_ds/predictions/misc_experiments/../data/prediction_logs
2025-06-13 12:55:25,087 - INFO - CSV file successfully read into DataFrame: /Users/detraviousjamaribrinkley/Documents/Development/research_labs/uf_ds/predictions/misc_experiments/../data/prediction_logs/batch_1-prediction/batch_1-from_df.csv
2025-06-13 12:58:31,619 - INFO - Logging configured to save to: /Users/detraviousjamaribrinkley/Documents/Development/research_labs/uf_ds/predictions/misc_experiments/../data/prediction_logs
2025-06-13 12:58:31,620 - INFO - CSV file successfully read into DataFrame: /Users/detraviousjamaribrinkley/Documents/Development/research_labs/uf_ds/predictions/misc_experiments/../data/prediction_logs/batch_1-prediction/batch_1-from_df.csv
2025-06-16 09:42:24,687 - INFO - Logging configured to save to: /Users/detraviousjamaribrinkley/Documents/Development/research_labs/uf_ds/predictions/misc_experiments/../data/prediction_logs
2025-06-16 09:42:24,690 - INFO - CSV file successfully read into DataFrame: /Users/detraviousjamaribrinkley/Documents/Development/research_labs/uf_ds/predictions/misc_experiments/../data/prediction_logs/batch_1-prediction/batch_1-from_df.csv
2025-06-16 10:12:58,245 - INFO - Logging configured to save to: /Users/detraviousjamaribrinkley/Documents/Development/research_labs/uf_ds/predictions/misc_experiments/../data/prediction_logs
2025-06-16 10:12:58,246 - INFO - CSV file successfully read into DataFrame: /Users/detraviousjamaribrinkley/Documents/Development/research_labs/uf_ds/predictions/misc_experiments/../data/prediction_logs/batch_1-prediction/batch_1-from_df.csv
2025-06-17 12:54:44,119 - INFO - Logging configured to save to: /Users/detraviousjamaribrinkley/Documents/Development/research_labs/uf_ds/predictions/pipelines/../data/prediction_logs
2025-06-17 12:54:44,120 - INFO - CSV file successfully read into DataFrame: /Users/detraviousjamaribrinkley/Documents/Development/research_labs/uf_ds/predictions/pipelines/../data/prediction_logs/batch_1-prediction/batch_1-from_df.csv
2025-07-02 17:13:35,330 - INFO - Logging configured to save to: /Users/detraviousjamaribrinkley/Documents/Development/research_labs/uf_ds/predictions/misc_experiments/../data/prediction_logs
2025-07-02 17:13:35,334 - INFO - CSV file successfully read into DataFrame: /Users/detraviousjamaribrinkley/Documents/Development/research_labs/uf_ds/predictions/misc_experiments/../data/prediction_logs/batch_1-prediction/batch_1-from_df.csv
2025-07-02 17:14:09,220 - INFO - Logging configured to save to: /Users/detraviousjamaribrinkley/Documents/Development/research_labs/uf_ds/predictions/misc_experiments/../data/prediction_logs
2025-07-02 17:14:09,221 - INFO - CSV file successfully read into DataFrame: /Users/detraviousjamaribrinkley/Documents/Development/research_labs/uf_ds/predictions/misc_experiments/../data/prediction_logs/batch_1-prediction/batch_1-from_df.csv
2025-07-02 17:17:49,402 - INFO - Logging configured to save to: /Users/detraviousjamaribrinkley/Documents/Development/research_labs/uf_ds/predictions/misc_experiments/../data/prediction_logs
2025-07-02 17:17:49,404 - INFO - CSV file successfully read into DataFrame: /Users/detraviousjamaribrinkley/Documents/Development/research_labs/uf_ds/predictions/misc_experiments/../data/prediction_logs/batch_1-prediction/batch_1-from_df.csv
2025-07-02 17:17:57,029 - INFO - Logging configured to save to: /Users/detraviousjamaribrinkley/Documents/Development/research_labs/uf_ds/predictions/misc_experiments/../data/prediction_logs
2025-07-02 17:17:57,030 - INFO - CSV file successfully read into DataFrame: /Users/detraviousjamaribrinkley/Documents/Development/research_labs/uf_ds/predictions/misc_experiments/../data/prediction_logs/batch_1-prediction/batch_1-from_df.csv
2025-07-02 17:18:17,554 - INFO - Logging configured to save to: /Users/detraviousjamaribrinkley/Documents/Development/research_labs/uf_ds/predictions/misc_experiments/../data/prediction_logs
2025-07-02 17:18:17,555 - INFO - CSV file successfully read into DataFrame: /Users/detraviousjamaribrinkley/Documents/Development/research_labs/uf_ds/predictions/misc_experiments/../data/prediction_logs/batch_1-prediction/batch_1-from_df.csv
2025-07-02 17:28:40,008 - INFO - Logging configured to save to: /Users/detraviousjamaribrinkley/Documents/Development/research_labs/uf_ds/predictions/misc_experiments/../data/prediction_logs
2025-07-02 17:28:40,009 - INFO - CSV file successfully read into DataFrame: /Users/detraviousjamaribrinkley/Documents/Development/research_labs/uf_ds/predictions/misc_experiments/../data/prediction_logs/batch_1-prediction/batch_1-from_df.csv
2025-07-02 17:28:42,602 - INFO - Logging configured to save to: /Users/detraviousjamaribrinkley/Documents/Development/research_labs/uf_ds/predictions/misc_experiments/../data/prediction_logs
2025-07-02 17:28:42,603 - INFO - CSV file successfully read into DataFrame: /Users/detraviousjamaribrinkley/Documents/Development/research_labs/uf_ds/predictions/misc_experiments/../data/prediction_logs/batch_1-prediction/batch_1-from_df.csv
2025-07-02 17:28:47,987 - INFO - Logging configured to save to: /Users/detraviousjamaribrinkley/Documents/Development/research_labs/uf_ds/predictions/misc_experiments/../data/prediction_logs
2025-07-02 17:28:47,989 - INFO - CSV file successfully read into DataFrame: /Users/detraviousjamaribrinkley/Documents/Development/research_labs/uf_ds/predictions/misc_experiments/../data/prediction_logs/batch_1-prediction/batch_1-from_df.csv
2025-07-02 17:33:51,126 - INFO - Logging configured to save to: /Users/detraviousjamaribrinkley/Documents/Development/research_labs/uf_ds/predictions/misc_experiments/../data/prediction_logs
2025-07-02 17:33:51,128 - INFO - CSV file successfully read into DataFrame: /Users/detraviousjamaribrinkley/Documents/Development/research_labs/uf_ds/predictions/misc_experiments/../data/prediction_logs/batch_1-prediction/batch_1-from_df.csv
2025-07-02 17:34:08,317 - INFO - Logging configured to save to: /Users/detraviousjamaribrinkley/Documents/Development/research_labs/uf_ds/predictions/misc_experiments/../data/prediction_logs
2025-07-02 17:34:08,319 - INFO - CSV file successfully read into DataFrame: /Users/detraviousjamaribrinkley/Documents/Development/research_labs/uf_ds/predictions/misc_experiments/../data/prediction_logs/batch_1-prediction/batch_1-from_df.csv
2025-07-02 17:34:45,998 - INFO - Logging configured to save to: /Users/detraviousjamaribrinkley/Documents/Development/research_labs/uf_ds/predictions/misc_experiments/../data/prediction_logs
2025-07-02 17:34:45,999 - INFO - CSV file successfully read into DataFrame: /Users/detraviousjamaribrinkley/Documents/Development/research_labs/uf_ds/predictions/misc_experiments/../data/prediction_logs/batch_1-prediction/batch_1-from_df.csv
2025-07-02 17:35:26,102 - INFO - Logging configured to save to: /Users/detraviousjamaribrinkley/Documents/Development/research_labs/uf_ds/predictions/misc_experiments/../data/prediction_logs
2025-07-02 17:35:26,103 - INFO - CSV file successfully read into DataFrame: /Users/detraviousjamaribrinkley/Documents/Development/research_labs/uf_ds/predictions/misc_experiments/../data/prediction_logs/batch_1-prediction/batch_1-from_df.csv
2025-07-02 17:40:19,449 - INFO - Logging configured to save to: /Users/detraviousjamaribrinkley/Documents/Development/research_labs/uf_ds/predictions/misc_experiments/../data/prediction_logs
2025-07-02 17:40:19,450 - INFO - CSV file successfully read into DataFrame: /Users/detraviousjamaribrinkley/Documents/Development/research_labs/uf_ds/predictions/misc_experiments/../data/prediction_logs/batch_1-prediction/batch_1-from_df.csv
2025-07-02 18:28:09,890 - INFO - Logging configured to save to: /Users/detraviousjamaribrinkley/Documents/Development/research_labs/uf_ds/predictions/misc_experiments/../data/prediction_logs
2025-07-02 18:28:09,893 - INFO - CSV file successfully read into DataFrame: /Users/detraviousjamaribrinkley/Documents/Development/research_labs/uf_ds/predictions/misc_experiments/../data/prediction_logs/batch_1-prediction/batch_1-from_df.csv
2025-07-02 18:31:25,833 - INFO - Logging configured to save to: /Users/detraviousjamaribrinkley/Documents/Development/research_labs/uf_ds/predictions/misc_experiments/../data/prediction_logs
2025-07-02 18:31:25,834 - INFO - CSV file successfully read into DataFrame: /Users/detraviousjamaribrinkley/Documents/Development/research_labs/uf_ds/predictions/misc_experiments/../data/prediction_logs/batch_1-prediction/batch_1-from_df.csv
2025-07-02 18:32:48,605 - INFO - Logging configured to save to: /Users/detraviousjamaribrinkley/Documents/Development/research_labs/uf_ds/predictions/misc_experiments/../data/prediction_logs
2025-07-02 18:32:48,606 - INFO - CSV file successfully read into DataFrame: /Users/detraviousjamaribrinkley/Documents/Development/research_labs/uf_ds/predictions/misc_experiments/../data/prediction_logs/batch_1-prediction/batch_1-from_df.csv
2025-07-02 18:35:19,477 - INFO - Logging configured to save to: /Users/detraviousjamaribrinkley/Documents/Development/research_labs/uf_ds/predictions/misc_experiments/../data/prediction_logs
2025-07-02 18:35:19,478 - INFO - CSV file successfully read into DataFrame: /Users/detraviousjamaribrinkley/Documents/Development/research_labs/uf_ds/predictions/misc_experiments/../data/prediction_logs/batch_1-prediction/batch_1-from_df.csv
2025-07-03 15:58:33,361 - INFO - Logging configured to save to: /Users/detraviousjamaribrinkley/Documents/Development/research_labs/uf_ds/predictions/misc_experiments/../data/prediction_logs
2025-07-03 15:58:33,365 - INFO - CSV file successfully read into DataFrame: /Users/detraviousjamaribrinkley/Documents/Development/research_labs/uf_ds/predictions/misc_experiments/../data/prediction_logs/batch_1-prediction/batch_1-from_df.csv
2025-07-03 16:06:40,333 - INFO - Logging configured to save to: /Users/detraviousjamaribrinkley/Documents/Development/research_labs/uf_ds/predictions/misc_experiments/../data/prediction_logs
2025-07-03 16:06:40,334 - INFO - CSV file successfully read into DataFrame: /Users/detraviousjamaribrinkley/Documents/Development/research_labs/uf_ds/predictions/misc_experiments/../data/prediction_logs/batch_1-prediction/batch_1-from_df.csv
2025-07-07 23:28:04,890 - INFO - Logging configured to save to: /Users/detraviousjamaribrinkley/Documents/Development/research_labs/uf_ds/predictions/prediction_correctness_experiments/../data/prediction_logs
2025-07-07 23:28:04,896 - INFO - CSV file successfully read into DataFrame: /Users/detraviousjamaribrinkley/Documents/Development/research_labs/uf_ds/predictions/prediction_correctness_experiments/../data/prediction_logs/batch_1-prediction/batch_1-from_df.csv
2025-07-07 23:33:48,439 - INFO - Logging configured to save to: /Users/detraviousjamaribrinkley/Documents/Development/research_labs/uf_ds/predictions/prediction_correctness_experiments/../data/prediction_logs
2025-07-07 23:33:48,440 - INFO - CSV file successfully read into DataFrame: /Users/detraviousjamaribrinkley/Documents/Development/research_labs/uf_ds/predictions/prediction_correctness_experiments/../data/prediction_logs/batch_1-prediction/batch_1-from_df.csv
2025-07-07 23:42:41,009 - INFO - Logging configured to save to: /Users/detraviousjamaribrinkley/Documents/Development/research_labs/uf_ds/predictions/prediction_correctness_experiments/../data/prediction_logs
2025-07-07 23:42:41,010 - INFO - CSV file successfully read into DataFrame: /Users/detraviousjamaribrinkley/Documents/Development/research_labs/uf_ds/predictions/prediction_correctness_experiments/../data/prediction_logs/batch_1-prediction/batch_1-from_df.csv
2025-07-08 12:54:19,944 - INFO - Logging configured to save to: /Users/detraviousjamaribrinkley/Documents/Development/research_labs/uf_ds/predictions/prediction_correctness_experiments/../data/prediction_logs
2025-07-08 12:54:19,948 - INFO - CSV file successfully read into DataFrame: /Users/detraviousjamaribrinkley/Documents/Development/research_labs/uf_ds/predictions/prediction_correctness_experiments/../data/prediction_logs/batch_1-prediction/batch_1-from_df.csv
2025-07-08 12:57:57,853 - INFO - Logging configured to save to: /Users/detraviousjamaribrinkley/Documents/Development/research_labs/uf_ds/predictions/prediction_correctness_experiments/../data/prediction_logs
2025-07-08 12:57:57,855 - INFO - CSV file successfully read into DataFrame: /Users/detraviousjamaribrinkley/Documents/Development/research_labs/uf_ds/predictions/prediction_correctness_experiments/../data/prediction_logs/batch_1-prediction/batch_1-from_df.csv
2025-07-08 12:58:23,925 - INFO - Logging configured to save to: /Users/detraviousjamaribrinkley/Documents/Development/research_labs/uf_ds/predictions/prediction_correctness_experiments/../data/prediction_logs
2025-07-08 12:58:23,926 - INFO - CSV file successfully read into DataFrame: /Users/detraviousjamaribrinkley/Documents/Development/research_labs/uf_ds/predictions/prediction_correctness_experiments/../data/prediction_logs/batch_1-prediction/batch_1-from_df.csv
2025-07-08 13:08:12,910 - INFO - Logging configured to save to: /Users/detraviousjamaribrinkley/Documents/Development/research_labs/uf_ds/predictions/prediction_correctness_experiments/../data/prediction_logs
2025-07-08 13:08:12,911 - INFO - CSV file successfully read into DataFrame: /Users/detraviousjamaribrinkley/Documents/Development/research_labs/uf_ds/predictions/prediction_correctness_experiments/../data/prediction_logs/batch_1-prediction/batch_1-from_df.csv
2025-07-09 11:16:07,611 - INFO - Logging configured to save to: /Users/detraviousjamaribrinkley/Documents/Development/research_labs/uf_ds/predictions/prediction_correctness_experiments/../data/prediction_logs
2025-07-09 11:16:07,613 - INFO - CSV file successfully read into DataFrame: /Users/detraviousjamaribrinkley/Documents/Development/research_labs/uf_ds/predictions/prediction_correctness_experiments/../data/prediction_logs/batch_1-prediction/batch_1-from_df.csv
2025-07-09 12:17:15,399 - INFO - Logging configured to save to: /Users/detraviousjamaribrinkley/Documents/Development/research_labs/uf_ds/predictions/pipelines/../data/prediction_logs
2025-07-09 12:17:15,401 - INFO - CSV file successfully read into DataFrame: /Users/detraviousjamaribrinkley/Documents/Development/research_labs/uf_ds/predictions/pipelines/../data/prediction_logs/batch_1-prediction/batch_1-from_df.csv
2025-07-09 12:17:55,210 - INFO - Logging configured to save to: /Users/detraviousjamaribrinkley/Documents/Development/research_labs/uf_ds/predictions/pipelines/../data/prediction_logs
2025-07-09 12:17:55,211 - INFO - CSV file successfully read into DataFrame: /Users/detraviousjamaribrinkley/Documents/Development/research_labs/uf_ds/predictions/pipelines/../data/prediction_logs/batch_1-prediction/batch_1-from_df.csv
2025-07-09 12:55:02,209 - INFO - Logging configured to save to: /Users/detraviousjamaribrinkley/Documents/Development/research_labs/uf_ds/scratch-predictions/notebook_experiments/../data/prediction_logs
2025-07-09 12:55:02,212 - INFO - CSV file successfully read into DataFrame: /Users/detraviousjamaribrinkley/Documents/Development/research_labs/uf_ds/scratch-predictions/notebook_experiments/../data/prediction_logs/batch_1-prediction/batch_1-from_df.csv
2025-07-09 12:57:14,475 - INFO - Logging configured to save to: /Users/detraviousjamaribrinkley/Documents/Development/research_labs/uf_ds/scratch-predictions/predictions/pipelines/../../data/prediction_logs
2025-07-09 12:57:14,476 - INFO - CSV file successfully read into DataFrame: /Users/detraviousjamaribrinkley/Documents/Development/research_labs/uf_ds/scratch-predictions/predictions/pipelines/../../data/prediction_logs/batch_1-prediction/batch_1-from_df.csv
2025-07-09 12:57:49,065 - INFO - Logging configured to save to: /Users/detraviousjamaribrinkley/Documents/Development/research_labs/uf_ds/scratch-predictions/predictions/pipelines/../../data/prediction_logs
2025-07-09 12:57:49,066 - INFO - CSV file successfully read into DataFrame: /Users/detraviousjamaribrinkley/Documents/Development/research_labs/uf_ds/scratch-predictions/predictions/pipelines/../../data/prediction_logs/batch_1-prediction/batch_1-from_df.csv
2025-07-09 12:59:45,333 - INFO - Logging configured to save to: /Users/detraviousjamaribrinkley/Documents/Development/research_labs/uf_ds/scratch-predictions/predictions/pipelines/../../data/prediction_logs
2025-07-09 12:59:45,334 - INFO - CSV file successfully read into DataFrame: /Users/detraviousjamaribrinkley/Documents/Development/research_labs/uf_ds/scratch-predictions/predictions/pipelines/../../data/prediction_logs/batch_1-prediction/batch_1-from_df.csv
