2025-05-21 16:08:02,832 - INFO - Logging configured to save to: /Users/detraviousjamaribrinkley/Documents/Development/research_labs/uf_ds/predictions/data/observation_logs
2025-05-21 16:08:02,835 - INFO - DataFrame successfully written to CSV: /Users/detraviousjamaribrinkley/Documents/Development/research_labs/uf_ds/predictions/data/observation_logs/batch_6-observation/batch_6-from_df.csv
2025-05-21 16:08:02,836 - INFO - CSV content successfully written to log file: /Users/detraviousjamaribrinkley/Documents/Development/research_labs/uf_ds/predictions/data/observation_logs/batch_6-observation/batch_6-from_csv.log
2025-06-02 10:59:24,543 - INFO - Logging configured to save to: /Users/detraviousjamaribrinkley/Documents/Development/research_labs/uf_ds/predictions/misc_experiments/../data/observation_logs
2025-06-02 10:59:24,544 - INFO - CSV file successfully read into DataFrame: /Users/detraviousjamaribrinkley/Documents/Development/research_labs/uf_ds/predictions/misc_experiments/../data/observation_logs/batch_6-observation/batch_6-from_df.csv
2025-06-17 12:54:44,136 - INFO - Logging configured to save to: /Users/detraviousjamaribrinkley/Documents/Development/research_labs/uf_ds/predictions/pipelines/../data/observation_logs
2025-06-17 12:54:44,137 - INFO - CSV file successfully read into DataFrame: /Users/detraviousjamaribrinkley/Documents/Development/research_labs/uf_ds/predictions/pipelines/../data/observation_logs/batch_6-observation/batch_6-from_df.csv
2025-07-03 15:58:33,385 - INFO - Logging configured to save to: /Users/detraviousjamaribrinkley/Documents/Development/research_labs/uf_ds/predictions/misc_experiments/../data/observation_logs
2025-07-03 15:58:33,386 - INFO - CSV file successfully read into DataFrame: /Users/detraviousjamaribrinkley/Documents/Development/research_labs/uf_ds/predictions/misc_experiments/../data/observation_logs/batch_6-observation/batch_6-from_df.csv
2025-07-03 16:06:40,347 - INFO - Logging configured to save to: /Users/detraviousjamaribrinkley/Documents/Development/research_labs/uf_ds/predictions/misc_experiments/../data/observation_logs
2025-07-03 16:06:40,348 - INFO - CSV file successfully read into DataFrame: /Users/detraviousjamaribrinkley/Documents/Development/research_labs/uf_ds/predictions/misc_experiments/../data/observation_logs/batch_6-observation/batch_6-from_df.csv
2025-07-07 23:28:18,914 - INFO - Logging configured to save to: /Users/detraviousjamaribrinkley/Documents/Development/research_labs/uf_ds/predictions/prediction_correctness_experiments/../data/observation_logs
2025-07-07 23:28:18,915 - INFO - CSV file successfully read into DataFrame: /Users/detraviousjamaribrinkley/Documents/Development/research_labs/uf_ds/predictions/prediction_correctness_experiments/../data/observation_logs/batch_6-observation/batch_6-from_df.csv
2025-07-07 23:33:48,452 - INFO - Logging configured to save to: /Users/detraviousjamaribrinkley/Documents/Development/research_labs/uf_ds/predictions/prediction_correctness_experiments/../data/observation_logs
2025-07-07 23:33:48,453 - INFO - CSV file successfully read into DataFrame: /Users/detraviousjamaribrinkley/Documents/Development/research_labs/uf_ds/predictions/prediction_correctness_experiments/../data/observation_logs/batch_6-observation/batch_6-from_df.csv
2025-07-07 23:42:41,021 - INFO - Logging configured to save to: /Users/detraviousjamaribrinkley/Documents/Development/research_labs/uf_ds/predictions/prediction_correctness_experiments/../data/observation_logs
2025-07-07 23:42:41,022 - INFO - CSV file successfully read into DataFrame: /Users/detraviousjamaribrinkley/Documents/Development/research_labs/uf_ds/predictions/prediction_correctness_experiments/../data/observation_logs/batch_6-observation/batch_6-from_df.csv
2025-07-08 12:54:19,966 - INFO - Logging configured to save to: /Users/detraviousjamaribrinkley/Documents/Development/research_labs/uf_ds/predictions/prediction_correctness_experiments/../data/observation_logs
2025-07-08 12:54:19,967 - INFO - CSV file successfully read into DataFrame: /Users/detraviousjamaribrinkley/Documents/Development/research_labs/uf_ds/predictions/prediction_correctness_experiments/../data/observation_logs/batch_6-observation/batch_6-from_df.csv
2025-07-08 12:57:57,867 - INFO - Logging configured to save to: /Users/detraviousjamaribrinkley/Documents/Development/research_labs/uf_ds/predictions/prediction_correctness_experiments/../data/observation_logs
2025-07-08 12:57:57,867 - INFO - CSV file successfully read into DataFrame: /Users/detraviousjamaribrinkley/Documents/Development/research_labs/uf_ds/predictions/prediction_correctness_experiments/../data/observation_logs/batch_6-observation/batch_6-from_df.csv
2025-07-08 12:58:23,941 - INFO - Logging configured to save to: /Users/detraviousjamaribrinkley/Documents/Development/research_labs/uf_ds/predictions/prediction_correctness_experiments/../data/observation_logs
2025-07-08 12:58:23,941 - INFO - CSV file successfully read into DataFrame: /Users/detraviousjamaribrinkley/Documents/Development/research_labs/uf_ds/predictions/prediction_correctness_experiments/../data/observation_logs/batch_6-observation/batch_6-from_df.csv
2025-07-08 13:08:12,922 - INFO - Logging configured to save to: /Users/detraviousjamaribrinkley/Documents/Development/research_labs/uf_ds/predictions/prediction_correctness_experiments/../data/observation_logs
2025-07-08 13:08:12,922 - INFO - CSV file successfully read into DataFrame: /Users/detraviousjamaribrinkley/Documents/Development/research_labs/uf_ds/predictions/prediction_correctness_experiments/../data/observation_logs/batch_6-observation/batch_6-from_df.csv
2025-07-09 11:16:07,631 - INFO - Logging configured to save to: /Users/detraviousjamaribrinkley/Documents/Development/research_labs/uf_ds/predictions/prediction_correctness_experiments/../data/observation_logs
2025-07-09 11:16:07,632 - INFO - CSV file successfully read into DataFrame: /Users/detraviousjamaribrinkley/Documents/Development/research_labs/uf_ds/predictions/prediction_correctness_experiments/../data/observation_logs/batch_6-observation/batch_6-from_df.csv
2025-07-09 12:17:15,420 - INFO - Logging configured to save to: /Users/detraviousjamaribrinkley/Documents/Development/research_labs/uf_ds/predictions/pipelines/../data/observation_logs
2025-07-09 12:17:15,421 - INFO - CSV file successfully read into DataFrame: /Users/detraviousjamaribrinkley/Documents/Development/research_labs/uf_ds/predictions/pipelines/../data/observation_logs/batch_6-observation/batch_6-from_df.csv
2025-07-09 12:17:55,227 - INFO - Logging configured to save to: /Users/detraviousjamaribrinkley/Documents/Development/research_labs/uf_ds/predictions/pipelines/../data/observation_logs
2025-07-09 12:17:55,228 - INFO - CSV file successfully read into DataFrame: /Users/detraviousjamaribrinkley/Documents/Development/research_labs/uf_ds/predictions/pipelines/../data/observation_logs/batch_6-observation/batch_6-from_df.csv
2025-07-09 12:58:56,090 - INFO - Logging configured to save to: /Users/detraviousjamaribrinkley/Documents/Development/research_labs/uf_ds/scratch-predictions/predictions/pipelines/../../data/observation_logs
2025-07-09 12:58:56,091 - INFO - CSV file successfully read into DataFrame: /Users/detraviousjamaribrinkley/Documents/Development/research_labs/uf_ds/scratch-predictions/predictions/pipelines/../../data/observation_logs/batch_6-observation/batch_6-from_df.csv
2025-07-09 12:59:45,348 - INFO - Logging configured to save to: /Users/detraviousjamaribrinkley/Documents/Development/research_labs/uf_ds/scratch-predictions/predictions/pipelines/../../data/observation_logs
2025-07-09 12:59:45,349 - INFO - CSV file successfully read into DataFrame: /Users/detraviousjamaribrinkley/Documents/Development/research_labs/uf_ds/scratch-predictions/predictions/pipelines/../../data/observation_logs/batch_6-observation/batch_6-from_df.csv
