2025-06-17 11:57:42,564 - INFO - Logging configured to save to: /Users/detraviousjamaribrinkley/Documents/Development/research_labs/uf_ds/predictions/data/prediction_logs
2025-06-17 11:57:42,566 - INFO - DataFrame successfully written to CSV: /Users/detraviousjamaribrinkley/Documents/Development/research_labs/uf_ds/predictions/data/prediction_logs/batch_4-prediction/batch_4-from_df.csv
2025-06-17 11:57:42,567 - INFO - CSV content successfully written to log file: /Users/detraviousjamaribrinkley/Documents/Development/research_labs/uf_ds/predictions/data/prediction_logs/batch_4-prediction/batch_4-from_csv.log
2025-07-07 23:28:04,901 - INFO - Logging configured to save to: /Users/detraviousjamaribrinkley/Documents/Development/research_labs/uf_ds/predictions/prediction_correctness_experiments/../data/prediction_logs
2025-07-07 23:28:04,902 - INFO - CSV file successfully read into DataFrame: /Users/detraviousjamaribrinkley/Documents/Development/research_labs/uf_ds/predictions/prediction_correctness_experiments/../data/prediction_logs/batch_4-prediction/batch_4-from_df.csv
2025-07-07 23:33:48,442 - INFO - Logging configured to save to: /Users/detraviousjamaribrinkley/Documents/Development/research_labs/uf_ds/predictions/prediction_correctness_experiments/../data/prediction_logs
2025-07-07 23:33:48,442 - INFO - CSV file successfully read into DataFrame: /Users/detraviousjamaribrinkley/Documents/Development/research_labs/uf_ds/predictions/prediction_correctness_experiments/../data/prediction_logs/batch_4-prediction/batch_4-from_df.csv
2025-07-07 23:42:41,012 - INFO - Logging configured to save to: /Users/detraviousjamaribrinkley/Documents/Development/research_labs/uf_ds/predictions/prediction_correctness_experiments/../data/prediction_logs
2025-07-07 23:42:41,012 - INFO - CSV file successfully read into DataFrame: /Users/detraviousjamaribrinkley/Documents/Development/research_labs/uf_ds/predictions/prediction_correctness_experiments/../data/prediction_logs/batch_4-prediction/batch_4-from_df.csv
2025-07-08 12:54:19,951 - INFO - Logging configured to save to: /Users/detraviousjamaribrinkley/Documents/Development/research_labs/uf_ds/predictions/prediction_correctness_experiments/../data/prediction_logs
2025-07-08 12:54:19,952 - INFO - CSV file successfully read into DataFrame: /Users/detraviousjamaribrinkley/Documents/Development/research_labs/uf_ds/predictions/prediction_correctness_experiments/../data/prediction_logs/batch_4-prediction/batch_4-from_df.csv
2025-07-08 12:57:57,856 - INFO - Logging configured to save to: /Users/detraviousjamaribrinkley/Documents/Development/research_labs/uf_ds/predictions/prediction_correctness_experiments/../data/prediction_logs
2025-07-08 12:57:57,857 - INFO - CSV file successfully read into DataFrame: /Users/detraviousjamaribrinkley/Documents/Development/research_labs/uf_ds/predictions/prediction_correctness_experiments/../data/prediction_logs/batch_4-prediction/batch_4-from_df.csv
2025-07-08 12:58:23,928 - INFO - Logging configured to save to: /Users/detraviousjamaribrinkley/Documents/Development/research_labs/uf_ds/predictions/prediction_correctness_experiments/../data/prediction_logs
2025-07-08 12:58:23,928 - INFO - CSV file successfully read into DataFrame: /Users/detraviousjamaribrinkley/Documents/Development/research_labs/uf_ds/predictions/prediction_correctness_experiments/../data/prediction_logs/batch_4-prediction/batch_4-from_df.csv
2025-07-08 13:08:12,912 - INFO - Logging configured to save to: /Users/detraviousjamaribrinkley/Documents/Development/research_labs/uf_ds/predictions/prediction_correctness_experiments/../data/prediction_logs
2025-07-08 13:08:12,913 - INFO - CSV file successfully read into DataFrame: /Users/detraviousjamaribrinkley/Documents/Development/research_labs/uf_ds/predictions/prediction_correctness_experiments/../data/prediction_logs/batch_4-prediction/batch_4-from_df.csv
2025-07-09 11:16:07,616 - INFO - Logging configured to save to: /Users/detraviousjamaribrinkley/Documents/Development/research_labs/uf_ds/predictions/prediction_correctness_experiments/../data/prediction_logs
2025-07-09 11:16:07,617 - INFO - CSV file successfully read into DataFrame: /Users/detraviousjamaribrinkley/Documents/Development/research_labs/uf_ds/predictions/prediction_correctness_experiments/../data/prediction_logs/batch_4-prediction/batch_4-from_df.csv
2025-07-09 12:17:15,403 - INFO - Logging configured to save to: /Users/detraviousjamaribrinkley/Documents/Development/research_labs/uf_ds/predictions/pipelines/../data/prediction_logs
2025-07-09 12:17:15,404 - INFO - CSV file successfully read into DataFrame: /Users/detraviousjamaribrinkley/Documents/Development/research_labs/uf_ds/predictions/pipelines/../data/prediction_logs/batch_4-prediction/batch_4-from_df.csv
2025-07-09 12:17:55,214 - INFO - Logging configured to save to: /Users/detraviousjamaribrinkley/Documents/Development/research_labs/uf_ds/predictions/pipelines/../data/prediction_logs
2025-07-09 12:17:55,214 - INFO - CSV file successfully read into DataFrame: /Users/detraviousjamaribrinkley/Documents/Development/research_labs/uf_ds/predictions/pipelines/../data/prediction_logs/batch_4-prediction/batch_4-from_df.csv
2025-07-09 12:55:02,216 - INFO - Logging configured to save to: /Users/detraviousjamaribrinkley/Documents/Development/research_labs/uf_ds/scratch-predictions/notebook_experiments/../data/prediction_logs
2025-07-09 12:55:02,217 - INFO - CSV file successfully read into DataFrame: /Users/detraviousjamaribrinkley/Documents/Development/research_labs/uf_ds/scratch-predictions/notebook_experiments/../data/prediction_logs/batch_4-prediction/batch_4-from_df.csv
2025-07-09 12:57:14,480 - INFO - Logging configured to save to: /Users/detraviousjamaribrinkley/Documents/Development/research_labs/uf_ds/scratch-predictions/predictions/pipelines/../../data/prediction_logs
2025-07-09 12:57:14,481 - INFO - CSV file successfully read into DataFrame: /Users/detraviousjamaribrinkley/Documents/Development/research_labs/uf_ds/scratch-predictions/predictions/pipelines/../../data/prediction_logs/batch_4-prediction/batch_4-from_df.csv
2025-07-09 12:57:49,067 - INFO - Logging configured to save to: /Users/detraviousjamaribrinkley/Documents/Development/research_labs/uf_ds/scratch-predictions/predictions/pipelines/../../data/prediction_logs
2025-07-09 12:57:49,068 - INFO - CSV file successfully read into DataFrame: /Users/detraviousjamaribrinkley/Documents/Development/research_labs/uf_ds/scratch-predictions/predictions/pipelines/../../data/prediction_logs/batch_4-prediction/batch_4-from_df.csv
2025-07-09 12:59:45,336 - INFO - Logging configured to save to: /Users/detraviousjamaribrinkley/Documents/Development/research_labs/uf_ds/scratch-predictions/predictions/pipelines/../../data/prediction_logs
2025-07-09 12:59:45,337 - INFO - CSV file successfully read into DataFrame: /Users/detraviousjamaribrinkley/Documents/Development/research_labs/uf_ds/scratch-predictions/predictions/pipelines/../../data/prediction_logs/batch_4-prediction/batch_4-from_df.csv
