2025-05-21 15:26:55,083 - INFO - Logging configured to save to: /Users/detraviousjamaribrinkley/Documents/Development/research_labs/uf_ds/predictions/data/prediction_logs
2025-05-21 15:26:55,086 - INFO - DataFrame successfully written to CSV: /Users/detraviousjamaribrinkley/Documents/Development/research_labs/uf_ds/predictions/data/prediction_logs/batch_2-prediction/batch_2-from_df.csv
2025-05-21 15:26:55,087 - INFO - CSV content successfully written to log file: /Users/detraviousjamaribrinkley/Documents/Development/research_labs/uf_ds/predictions/data/prediction_logs/batch_2-prediction/batch_2-from_csv.log
2025-05-27 20:25:29,988 - INFO - Logging configured to save to: /Users/detraviousjamaribrinkley/Documents/Development/research_labs/uf_ds/predictions/pipelines/../data/prediction_logs
2025-05-27 20:25:29,989 - INFO - CSV file successfully read into DataFrame: /Users/detraviousjamaribrinkley/Documents/Development/research_labs/uf_ds/predictions/pipelines/../data/prediction_logs/batch_2-prediction/batch_2-from_df.csv
2025-06-01 12:24:57,098 - INFO - Logging configured to save to: /Users/detraviousjamaribrinkley/Documents/Development/research_labs/uf_ds/predictions/misc_experiments/../data/prediction_logs
2025-06-01 12:24:57,099 - INFO - CSV file successfully read into DataFrame: /Users/detraviousjamaribrinkley/Documents/Development/research_labs/uf_ds/predictions/misc_experiments/../data/prediction_logs/batch_2-prediction/batch_2-from_df.csv
2025-06-01 12:27:18,845 - INFO - Logging configured to save to: /Users/detraviousjamaribrinkley/Documents/Development/research_labs/uf_ds/predictions/misc_experiments/../data/prediction_logs
2025-06-01 12:27:18,845 - INFO - CSV file successfully read into DataFrame: /Users/detraviousjamaribrinkley/Documents/Development/research_labs/uf_ds/predictions/misc_experiments/../data/prediction_logs/batch_2-prediction/batch_2-from_df.csv
2025-06-01 12:27:33,942 - INFO - Logging configured to save to: /Users/detraviousjamaribrinkley/Documents/Development/research_labs/uf_ds/predictions/misc_experiments/../data/prediction_logs
2025-06-01 12:27:33,943 - INFO - CSV file successfully read into DataFrame: /Users/detraviousjamaribrinkley/Documents/Development/research_labs/uf_ds/predictions/misc_experiments/../data/prediction_logs/batch_2-prediction/batch_2-from_df.csv
2025-06-01 12:28:49,262 - INFO - Logging configured to save to: /Users/detraviousjamaribrinkley/Documents/Development/research_labs/uf_ds/predictions/misc_experiments/../data/prediction_logs
2025-06-01 12:28:49,263 - INFO - CSV file successfully read into DataFrame: /Users/detraviousjamaribrinkley/Documents/Development/research_labs/uf_ds/predictions/misc_experiments/../data/prediction_logs/batch_2-prediction/batch_2-from_df.csv
2025-06-01 12:31:09,083 - INFO - Logging configured to save to: /Users/detraviousjamaribrinkley/Documents/Development/research_labs/uf_ds/predictions/misc_experiments/../data/prediction_logs
2025-06-01 12:31:09,083 - INFO - CSV file successfully read into DataFrame: /Users/detraviousjamaribrinkley/Documents/Development/research_labs/uf_ds/predictions/misc_experiments/../data/prediction_logs/batch_2-prediction/batch_2-from_df.csv
2025-06-01 12:36:40,189 - INFO - Logging configured to save to: /Users/detraviousjamaribrinkley/Documents/Development/research_labs/uf_ds/predictions/misc_experiments/../data/prediction_logs
2025-06-01 12:36:40,190 - INFO - CSV file successfully read into DataFrame: /Users/detraviousjamaribrinkley/Documents/Development/research_labs/uf_ds/predictions/misc_experiments/../data/prediction_logs/batch_2-prediction/batch_2-from_df.csv
2025-06-02 10:59:14,248 - INFO - Logging configured to save to: /Users/detraviousjamaribrinkley/Documents/Development/research_labs/uf_ds/predictions/misc_experiments/../data/prediction_logs
2025-06-02 10:59:14,249 - INFO - CSV file successfully read into DataFrame: /Users/detraviousjamaribrinkley/Documents/Development/research_labs/uf_ds/predictions/misc_experiments/../data/prediction_logs/batch_2-prediction/batch_2-from_df.csv
2025-06-02 11:00:31,239 - INFO - Logging configured to save to: /Users/detraviousjamaribrinkley/Documents/Development/research_labs/uf_ds/predictions/misc_experiments/../data/prediction_logs
2025-06-02 11:00:31,239 - INFO - CSV file successfully read into DataFrame: /Users/detraviousjamaribrinkley/Documents/Development/research_labs/uf_ds/predictions/misc_experiments/../data/prediction_logs/batch_2-prediction/batch_2-from_df.csv
2025-06-02 11:15:03,531 - INFO - Logging configured to save to: /Users/detraviousjamaribrinkley/Documents/Development/research_labs/uf_ds/predictions/misc_experiments/../data/prediction_logs
2025-06-02 11:15:03,532 - INFO - CSV file successfully read into DataFrame: /Users/detraviousjamaribrinkley/Documents/Development/research_labs/uf_ds/predictions/misc_experiments/../data/prediction_logs/batch_2-prediction/batch_2-from_df.csv
2025-06-02 12:15:20,128 - INFO - Logging configured to save to: /Users/detraviousjamaribrinkley/Documents/Development/research_labs/uf_ds/predictions/misc_experiments/../data/prediction_logs
2025-06-02 12:15:20,129 - INFO - CSV file successfully read into DataFrame: /Users/detraviousjamaribrinkley/Documents/Development/research_labs/uf_ds/predictions/misc_experiments/../data/prediction_logs/batch_2-prediction/batch_2-from_df.csv
2025-06-12 08:31:56,964 - INFO - Logging configured to save to: /Users/detraviousjamaribrinkley/Documents/Development/research_labs/uf_ds/predictions/misc_experiments/../data/prediction_logs
2025-06-12 08:31:56,965 - INFO - CSV file successfully read into DataFrame: /Users/detraviousjamaribrinkley/Documents/Development/research_labs/uf_ds/predictions/misc_experiments/../data/prediction_logs/batch_2-prediction/batch_2-from_df.csv
2025-06-12 09:27:29,507 - INFO - Logging configured to save to: /Users/detraviousjamaribrinkley/Documents/Development/research_labs/uf_ds/predictions/misc_experiments/../data/prediction_logs
2025-06-12 09:27:29,509 - INFO - CSV file successfully read into DataFrame: /Users/detraviousjamaribrinkley/Documents/Development/research_labs/uf_ds/predictions/misc_experiments/../data/prediction_logs/batch_2-prediction/batch_2-from_df.csv
2025-06-12 09:30:36,568 - INFO - Logging configured to save to: /Users/detraviousjamaribrinkley/Documents/Development/research_labs/uf_ds/predictions/misc_experiments/../data/prediction_logs
2025-06-12 09:30:36,569 - INFO - CSV file successfully read into DataFrame: /Users/detraviousjamaribrinkley/Documents/Development/research_labs/uf_ds/predictions/misc_experiments/../data/prediction_logs/batch_2-prediction/batch_2-from_df.csv
2025-06-12 09:35:22,692 - INFO - Logging configured to save to: /Users/detraviousjamaribrinkley/Documents/Development/research_labs/uf_ds/predictions/misc_experiments/../data/prediction_logs
2025-06-12 09:35:22,694 - INFO - CSV file successfully read into DataFrame: /Users/detraviousjamaribrinkley/Documents/Development/research_labs/uf_ds/predictions/misc_experiments/../data/prediction_logs/batch_2-prediction/batch_2-from_df.csv
2025-06-12 09:40:22,060 - INFO - Logging configured to save to: /Users/detraviousjamaribrinkley/Documents/Development/research_labs/uf_ds/predictions/misc_experiments/../data/prediction_logs
2025-06-12 09:40:22,061 - INFO - CSV file successfully read into DataFrame: /Users/detraviousjamaribrinkley/Documents/Development/research_labs/uf_ds/predictions/misc_experiments/../data/prediction_logs/batch_2-prediction/batch_2-from_df.csv
2025-06-12 09:40:44,594 - INFO - Logging configured to save to: /Users/detraviousjamaribrinkley/Documents/Development/research_labs/uf_ds/predictions/misc_experiments/../data/prediction_logs
2025-06-12 09:40:44,594 - INFO - CSV file successfully read into DataFrame: /Users/detraviousjamaribrinkley/Documents/Development/research_labs/uf_ds/predictions/misc_experiments/../data/prediction_logs/batch_2-prediction/batch_2-from_df.csv
2025-06-12 09:41:31,799 - INFO - Logging configured to save to: /Users/detraviousjamaribrinkley/Documents/Development/research_labs/uf_ds/predictions/misc_experiments/../data/prediction_logs
2025-06-12 09:41:31,800 - INFO - CSV file successfully read into DataFrame: /Users/detraviousjamaribrinkley/Documents/Development/research_labs/uf_ds/predictions/misc_experiments/../data/prediction_logs/batch_2-prediction/batch_2-from_df.csv
2025-06-12 09:51:33,426 - INFO - Logging configured to save to: /Users/detraviousjamaribrinkley/Documents/Development/research_labs/uf_ds/predictions/misc_experiments/../data/prediction_logs
2025-06-12 09:51:33,427 - INFO - CSV file successfully read into DataFrame: /Users/detraviousjamaribrinkley/Documents/Development/research_labs/uf_ds/predictions/misc_experiments/../data/prediction_logs/batch_2-prediction/batch_2-from_df.csv
2025-06-12 11:50:39,617 - INFO - Logging configured to save to: /Users/detraviousjamaribrinkley/Documents/Development/research_labs/uf_ds/predictions/misc_experiments/../data/prediction_logs
2025-06-12 11:50:39,618 - INFO - CSV file successfully read into DataFrame: /Users/detraviousjamaribrinkley/Documents/Development/research_labs/uf_ds/predictions/misc_experiments/../data/prediction_logs/batch_2-prediction/batch_2-from_df.csv
2025-06-13 11:48:51,779 - INFO - Logging configured to save to: /Users/detraviousjamaribrinkley/Documents/Development/research_labs/uf_ds/predictions/misc_experiments/../data/prediction_logs
2025-06-13 11:48:51,780 - INFO - CSV file successfully read into DataFrame: /Users/detraviousjamaribrinkley/Documents/Development/research_labs/uf_ds/predictions/misc_experiments/../data/prediction_logs/batch_2-prediction/batch_2-from_df.csv
2025-06-13 11:49:38,333 - INFO - Logging configured to save to: /Users/detraviousjamaribrinkley/Documents/Development/research_labs/uf_ds/predictions/misc_experiments/../data/prediction_logs
2025-06-13 11:49:38,334 - INFO - CSV file successfully read into DataFrame: /Users/detraviousjamaribrinkley/Documents/Development/research_labs/uf_ds/predictions/misc_experiments/../data/prediction_logs/batch_2-prediction/batch_2-from_df.csv
2025-06-13 11:50:00,949 - INFO - Logging configured to save to: /Users/detraviousjamaribrinkley/Documents/Development/research_labs/uf_ds/predictions/misc_experiments/../data/prediction_logs
2025-06-13 11:50:00,950 - INFO - CSV file successfully read into DataFrame: /Users/detraviousjamaribrinkley/Documents/Development/research_labs/uf_ds/predictions/misc_experiments/../data/prediction_logs/batch_2-prediction/batch_2-from_df.csv
2025-06-13 11:51:14,773 - INFO - Logging configured to save to: /Users/detraviousjamaribrinkley/Documents/Development/research_labs/uf_ds/predictions/misc_experiments/../data/prediction_logs
2025-06-13 11:51:14,774 - INFO - CSV file successfully read into DataFrame: /Users/detraviousjamaribrinkley/Documents/Development/research_labs/uf_ds/predictions/misc_experiments/../data/prediction_logs/batch_2-prediction/batch_2-from_df.csv
2025-06-13 11:51:28,252 - INFO - Logging configured to save to: /Users/detraviousjamaribrinkley/Documents/Development/research_labs/uf_ds/predictions/misc_experiments/../data/prediction_logs
2025-06-13 11:51:28,254 - INFO - CSV file successfully read into DataFrame: /Users/detraviousjamaribrinkley/Documents/Development/research_labs/uf_ds/predictions/misc_experiments/../data/prediction_logs/batch_2-prediction/batch_2-from_df.csv
2025-06-13 11:52:12,528 - INFO - Logging configured to save to: /Users/detraviousjamaribrinkley/Documents/Development/research_labs/uf_ds/predictions/misc_experiments/../data/prediction_logs
2025-06-13 11:52:12,529 - INFO - CSV file successfully read into DataFrame: /Users/detraviousjamaribrinkley/Documents/Development/research_labs/uf_ds/predictions/misc_experiments/../data/prediction_logs/batch_2-prediction/batch_2-from_df.csv
2025-06-13 12:45:04,693 - INFO - Logging configured to save to: /Users/detraviousjamaribrinkley/Documents/Development/research_labs/uf_ds/predictions/misc_experiments/../data/prediction_logs
2025-06-13 12:45:04,694 - INFO - CSV file successfully read into DataFrame: /Users/detraviousjamaribrinkley/Documents/Development/research_labs/uf_ds/predictions/misc_experiments/../data/prediction_logs/batch_2-prediction/batch_2-from_df.csv
2025-06-13 12:45:53,064 - INFO - Logging configured to save to: /Users/detraviousjamaribrinkley/Documents/Development/research_labs/uf_ds/predictions/misc_experiments/../data/prediction_logs
2025-06-13 12:45:53,065 - INFO - CSV file successfully read into DataFrame: /Users/detraviousjamaribrinkley/Documents/Development/research_labs/uf_ds/predictions/misc_experiments/../data/prediction_logs/batch_2-prediction/batch_2-from_df.csv
2025-06-13 12:48:57,207 - INFO - Logging configured to save to: /Users/detraviousjamaribrinkley/Documents/Development/research_labs/uf_ds/predictions/misc_experiments/../data/prediction_logs
2025-06-13 12:48:57,208 - INFO - CSV file successfully read into DataFrame: /Users/detraviousjamaribrinkley/Documents/Development/research_labs/uf_ds/predictions/misc_experiments/../data/prediction_logs/batch_2-prediction/batch_2-from_df.csv
2025-06-13 12:54:43,252 - INFO - Logging configured to save to: /Users/detraviousjamaribrinkley/Documents/Development/research_labs/uf_ds/predictions/misc_experiments/../data/prediction_logs
2025-06-13 12:54:43,253 - INFO - CSV file successfully read into DataFrame: /Users/detraviousjamaribrinkley/Documents/Development/research_labs/uf_ds/predictions/misc_experiments/../data/prediction_logs/batch_2-prediction/batch_2-from_df.csv
2025-06-13 12:55:04,681 - INFO - Logging configured to save to: /Users/detraviousjamaribrinkley/Documents/Development/research_labs/uf_ds/predictions/misc_experiments/../data/prediction_logs
2025-06-13 12:55:04,682 - INFO - CSV file successfully read into DataFrame: /Users/detraviousjamaribrinkley/Documents/Development/research_labs/uf_ds/predictions/misc_experiments/../data/prediction_logs/batch_2-prediction/batch_2-from_df.csv
2025-06-13 12:55:25,087 - INFO - Logging configured to save to: /Users/detraviousjamaribrinkley/Documents/Development/research_labs/uf_ds/predictions/misc_experiments/../data/prediction_logs
2025-06-13 12:55:25,088 - INFO - CSV file successfully read into DataFrame: /Users/detraviousjamaribrinkley/Documents/Development/research_labs/uf_ds/predictions/misc_experiments/../data/prediction_logs/batch_2-prediction/batch_2-from_df.csv
2025-06-13 12:58:31,620 - INFO - Logging configured to save to: /Users/detraviousjamaribrinkley/Documents/Development/research_labs/uf_ds/predictions/misc_experiments/../data/prediction_logs
2025-06-13 12:58:31,621 - INFO - CSV file successfully read into DataFrame: /Users/detraviousjamaribrinkley/Documents/Development/research_labs/uf_ds/predictions/misc_experiments/../data/prediction_logs/batch_2-prediction/batch_2-from_df.csv
2025-06-16 09:42:24,691 - INFO - Logging configured to save to: /Users/detraviousjamaribrinkley/Documents/Development/research_labs/uf_ds/predictions/misc_experiments/../data/prediction_logs
2025-06-16 09:42:24,692 - INFO - CSV file successfully read into DataFrame: /Users/detraviousjamaribrinkley/Documents/Development/research_labs/uf_ds/predictions/misc_experiments/../data/prediction_logs/batch_2-prediction/batch_2-from_df.csv
2025-06-16 10:12:58,247 - INFO - Logging configured to save to: /Users/detraviousjamaribrinkley/Documents/Development/research_labs/uf_ds/predictions/misc_experiments/../data/prediction_logs
2025-06-16 10:12:58,248 - INFO - CSV file successfully read into DataFrame: /Users/detraviousjamaribrinkley/Documents/Development/research_labs/uf_ds/predictions/misc_experiments/../data/prediction_logs/batch_2-prediction/batch_2-from_df.csv
2025-06-17 12:54:44,121 - INFO - Logging configured to save to: /Users/detraviousjamaribrinkley/Documents/Development/research_labs/uf_ds/predictions/pipelines/../data/prediction_logs
2025-06-17 12:54:44,122 - INFO - CSV file successfully read into DataFrame: /Users/detraviousjamaribrinkley/Documents/Development/research_labs/uf_ds/predictions/pipelines/../data/prediction_logs/batch_2-prediction/batch_2-from_df.csv
2025-07-02 17:13:35,335 - INFO - Logging configured to save to: /Users/detraviousjamaribrinkley/Documents/Development/research_labs/uf_ds/predictions/misc_experiments/../data/prediction_logs
2025-07-02 17:13:35,336 - INFO - CSV file successfully read into DataFrame: /Users/detraviousjamaribrinkley/Documents/Development/research_labs/uf_ds/predictions/misc_experiments/../data/prediction_logs/batch_2-prediction/batch_2-from_df.csv
2025-07-02 17:14:09,222 - INFO - Logging configured to save to: /Users/detraviousjamaribrinkley/Documents/Development/research_labs/uf_ds/predictions/misc_experiments/../data/prediction_logs
2025-07-02 17:14:09,223 - INFO - CSV file successfully read into DataFrame: /Users/detraviousjamaribrinkley/Documents/Development/research_labs/uf_ds/predictions/misc_experiments/../data/prediction_logs/batch_2-prediction/batch_2-from_df.csv
2025-07-02 17:17:49,404 - INFO - Logging configured to save to: /Users/detraviousjamaribrinkley/Documents/Development/research_labs/uf_ds/predictions/misc_experiments/../data/prediction_logs
2025-07-02 17:17:49,405 - INFO - CSV file successfully read into DataFrame: /Users/detraviousjamaribrinkley/Documents/Development/research_labs/uf_ds/predictions/misc_experiments/../data/prediction_logs/batch_2-prediction/batch_2-from_df.csv
2025-07-02 17:17:57,030 - INFO - Logging configured to save to: /Users/detraviousjamaribrinkley/Documents/Development/research_labs/uf_ds/predictions/misc_experiments/../data/prediction_logs
2025-07-02 17:17:57,031 - INFO - CSV file successfully read into DataFrame: /Users/detraviousjamaribrinkley/Documents/Development/research_labs/uf_ds/predictions/misc_experiments/../data/prediction_logs/batch_2-prediction/batch_2-from_df.csv
2025-07-02 17:18:17,555 - INFO - Logging configured to save to: /Users/detraviousjamaribrinkley/Documents/Development/research_labs/uf_ds/predictions/misc_experiments/../data/prediction_logs
2025-07-02 17:18:17,556 - INFO - CSV file successfully read into DataFrame: /Users/detraviousjamaribrinkley/Documents/Development/research_labs/uf_ds/predictions/misc_experiments/../data/prediction_logs/batch_2-prediction/batch_2-from_df.csv
2025-07-02 17:28:40,009 - INFO - Logging configured to save to: /Users/detraviousjamaribrinkley/Documents/Development/research_labs/uf_ds/predictions/misc_experiments/../data/prediction_logs
2025-07-02 17:28:40,010 - INFO - CSV file successfully read into DataFrame: /Users/detraviousjamaribrinkley/Documents/Development/research_labs/uf_ds/predictions/misc_experiments/../data/prediction_logs/batch_2-prediction/batch_2-from_df.csv
2025-07-02 17:28:42,604 - INFO - Logging configured to save to: /Users/detraviousjamaribrinkley/Documents/Development/research_labs/uf_ds/predictions/misc_experiments/../data/prediction_logs
2025-07-02 17:28:42,604 - INFO - CSV file successfully read into DataFrame: /Users/detraviousjamaribrinkley/Documents/Development/research_labs/uf_ds/predictions/misc_experiments/../data/prediction_logs/batch_2-prediction/batch_2-from_df.csv
2025-07-02 17:28:47,989 - INFO - Logging configured to save to: /Users/detraviousjamaribrinkley/Documents/Development/research_labs/uf_ds/predictions/misc_experiments/../data/prediction_logs
2025-07-02 17:28:47,990 - INFO - CSV file successfully read into DataFrame: /Users/detraviousjamaribrinkley/Documents/Development/research_labs/uf_ds/predictions/misc_experiments/../data/prediction_logs/batch_2-prediction/batch_2-from_df.csv
2025-07-02 17:33:51,128 - INFO - Logging configured to save to: /Users/detraviousjamaribrinkley/Documents/Development/research_labs/uf_ds/predictions/misc_experiments/../data/prediction_logs
2025-07-02 17:33:51,128 - INFO - CSV file successfully read into DataFrame: /Users/detraviousjamaribrinkley/Documents/Development/research_labs/uf_ds/predictions/misc_experiments/../data/prediction_logs/batch_2-prediction/batch_2-from_df.csv
2025-07-02 17:34:08,319 - INFO - Logging configured to save to: /Users/detraviousjamaribrinkley/Documents/Development/research_labs/uf_ds/predictions/misc_experiments/../data/prediction_logs
2025-07-02 17:34:08,319 - INFO - CSV file successfully read into DataFrame: /Users/detraviousjamaribrinkley/Documents/Development/research_labs/uf_ds/predictions/misc_experiments/../data/prediction_logs/batch_2-prediction/batch_2-from_df.csv
2025-07-02 17:34:45,999 - INFO - Logging configured to save to: /Users/detraviousjamaribrinkley/Documents/Development/research_labs/uf_ds/predictions/misc_experiments/../data/prediction_logs
2025-07-02 17:34:46,000 - INFO - CSV file successfully read into DataFrame: /Users/detraviousjamaribrinkley/Documents/Development/research_labs/uf_ds/predictions/misc_experiments/../data/prediction_logs/batch_2-prediction/batch_2-from_df.csv
2025-07-02 17:35:26,103 - INFO - Logging configured to save to: /Users/detraviousjamaribrinkley/Documents/Development/research_labs/uf_ds/predictions/misc_experiments/../data/prediction_logs
2025-07-02 17:35:26,103 - INFO - CSV file successfully read into DataFrame: /Users/detraviousjamaribrinkley/Documents/Development/research_labs/uf_ds/predictions/misc_experiments/../data/prediction_logs/batch_2-prediction/batch_2-from_df.csv
2025-07-02 17:40:19,450 - INFO - Logging configured to save to: /Users/detraviousjamaribrinkley/Documents/Development/research_labs/uf_ds/predictions/misc_experiments/../data/prediction_logs
2025-07-02 17:40:19,450 - INFO - CSV file successfully read into DataFrame: /Users/detraviousjamaribrinkley/Documents/Development/research_labs/uf_ds/predictions/misc_experiments/../data/prediction_logs/batch_2-prediction/batch_2-from_df.csv
2025-07-02 18:28:09,893 - INFO - Logging configured to save to: /Users/detraviousjamaribrinkley/Documents/Development/research_labs/uf_ds/predictions/misc_experiments/../data/prediction_logs
2025-07-02 18:28:09,895 - INFO - CSV file successfully read into DataFrame: /Users/detraviousjamaribrinkley/Documents/Development/research_labs/uf_ds/predictions/misc_experiments/../data/prediction_logs/batch_2-prediction/batch_2-from_df.csv
2025-07-02 18:31:25,834 - INFO - Logging configured to save to: /Users/detraviousjamaribrinkley/Documents/Development/research_labs/uf_ds/predictions/misc_experiments/../data/prediction_logs
2025-07-02 18:31:25,835 - INFO - CSV file successfully read into DataFrame: /Users/detraviousjamaribrinkley/Documents/Development/research_labs/uf_ds/predictions/misc_experiments/../data/prediction_logs/batch_2-prediction/batch_2-from_df.csv
2025-07-02 18:32:48,606 - INFO - Logging configured to save to: /Users/detraviousjamaribrinkley/Documents/Development/research_labs/uf_ds/predictions/misc_experiments/../data/prediction_logs
2025-07-02 18:32:48,607 - INFO - CSV file successfully read into DataFrame: /Users/detraviousjamaribrinkley/Documents/Development/research_labs/uf_ds/predictions/misc_experiments/../data/prediction_logs/batch_2-prediction/batch_2-from_df.csv
2025-07-02 18:35:19,478 - INFO - Logging configured to save to: /Users/detraviousjamaribrinkley/Documents/Development/research_labs/uf_ds/predictions/misc_experiments/../data/prediction_logs
2025-07-02 18:35:19,478 - INFO - CSV file successfully read into DataFrame: /Users/detraviousjamaribrinkley/Documents/Development/research_labs/uf_ds/predictions/misc_experiments/../data/prediction_logs/batch_2-prediction/batch_2-from_df.csv
2025-07-03 15:58:33,365 - INFO - Logging configured to save to: /Users/detraviousjamaribrinkley/Documents/Development/research_labs/uf_ds/predictions/misc_experiments/../data/prediction_logs
2025-07-03 15:58:33,366 - INFO - CSV file successfully read into DataFrame: /Users/detraviousjamaribrinkley/Documents/Development/research_labs/uf_ds/predictions/misc_experiments/../data/prediction_logs/batch_2-prediction/batch_2-from_df.csv
2025-07-03 16:06:40,334 - INFO - Logging configured to save to: /Users/detraviousjamaribrinkley/Documents/Development/research_labs/uf_ds/predictions/misc_experiments/../data/prediction_logs
2025-07-03 16:06:40,335 - INFO - CSV file successfully read into DataFrame: /Users/detraviousjamaribrinkley/Documents/Development/research_labs/uf_ds/predictions/misc_experiments/../data/prediction_logs/batch_2-prediction/batch_2-from_df.csv
2025-07-07 23:28:04,897 - INFO - Logging configured to save to: /Users/detraviousjamaribrinkley/Documents/Development/research_labs/uf_ds/predictions/prediction_correctness_experiments/../data/prediction_logs
2025-07-07 23:28:04,899 - INFO - CSV file successfully read into DataFrame: /Users/detraviousjamaribrinkley/Documents/Development/research_labs/uf_ds/predictions/prediction_correctness_experiments/../data/prediction_logs/batch_2-prediction/batch_2-from_df.csv
2025-07-07 23:33:48,440 - INFO - Logging configured to save to: /Users/detraviousjamaribrinkley/Documents/Development/research_labs/uf_ds/predictions/prediction_correctness_experiments/../data/prediction_logs
2025-07-07 23:33:48,441 - INFO - CSV file successfully read into DataFrame: /Users/detraviousjamaribrinkley/Documents/Development/research_labs/uf_ds/predictions/prediction_correctness_experiments/../data/prediction_logs/batch_2-prediction/batch_2-from_df.csv
2025-07-07 23:42:41,010 - INFO - Logging configured to save to: /Users/detraviousjamaribrinkley/Documents/Development/research_labs/uf_ds/predictions/prediction_correctness_experiments/../data/prediction_logs
2025-07-07 23:42:41,011 - INFO - CSV file successfully read into DataFrame: /Users/detraviousjamaribrinkley/Documents/Development/research_labs/uf_ds/predictions/prediction_correctness_experiments/../data/prediction_logs/batch_2-prediction/batch_2-from_df.csv
2025-07-08 12:54:19,949 - INFO - Logging configured to save to: /Users/detraviousjamaribrinkley/Documents/Development/research_labs/uf_ds/predictions/prediction_correctness_experiments/../data/prediction_logs
2025-07-08 12:54:19,950 - INFO - CSV file successfully read into DataFrame: /Users/detraviousjamaribrinkley/Documents/Development/research_labs/uf_ds/predictions/prediction_correctness_experiments/../data/prediction_logs/batch_2-prediction/batch_2-from_df.csv
2025-07-08 12:57:57,855 - INFO - Logging configured to save to: /Users/detraviousjamaribrinkley/Documents/Development/research_labs/uf_ds/predictions/prediction_correctness_experiments/../data/prediction_logs
2025-07-08 12:57:57,855 - INFO - CSV file successfully read into DataFrame: /Users/detraviousjamaribrinkley/Documents/Development/research_labs/uf_ds/predictions/prediction_correctness_experiments/../data/prediction_logs/batch_2-prediction/batch_2-from_df.csv
2025-07-08 12:58:23,926 - INFO - Logging configured to save to: /Users/detraviousjamaribrinkley/Documents/Development/research_labs/uf_ds/predictions/prediction_correctness_experiments/../data/prediction_logs
2025-07-08 12:58:23,927 - INFO - CSV file successfully read into DataFrame: /Users/detraviousjamaribrinkley/Documents/Development/research_labs/uf_ds/predictions/prediction_correctness_experiments/../data/prediction_logs/batch_2-prediction/batch_2-from_df.csv
2025-07-08 13:08:12,911 - INFO - Logging configured to save to: /Users/detraviousjamaribrinkley/Documents/Development/research_labs/uf_ds/predictions/prediction_correctness_experiments/../data/prediction_logs
2025-07-08 13:08:12,912 - INFO - CSV file successfully read into DataFrame: /Users/detraviousjamaribrinkley/Documents/Development/research_labs/uf_ds/predictions/prediction_correctness_experiments/../data/prediction_logs/batch_2-prediction/batch_2-from_df.csv
2025-07-09 11:16:07,613 - INFO - Logging configured to save to: /Users/detraviousjamaribrinkley/Documents/Development/research_labs/uf_ds/predictions/prediction_correctness_experiments/../data/prediction_logs
2025-07-09 11:16:07,615 - INFO - CSV file successfully read into DataFrame: /Users/detraviousjamaribrinkley/Documents/Development/research_labs/uf_ds/predictions/prediction_correctness_experiments/../data/prediction_logs/batch_2-prediction/batch_2-from_df.csv
2025-07-09 12:17:15,401 - INFO - Logging configured to save to: /Users/detraviousjamaribrinkley/Documents/Development/research_labs/uf_ds/predictions/pipelines/../data/prediction_logs
2025-07-09 12:17:15,402 - INFO - CSV file successfully read into DataFrame: /Users/detraviousjamaribrinkley/Documents/Development/research_labs/uf_ds/predictions/pipelines/../data/prediction_logs/batch_2-prediction/batch_2-from_df.csv
2025-07-09 12:17:55,212 - INFO - Logging configured to save to: /Users/detraviousjamaribrinkley/Documents/Development/research_labs/uf_ds/predictions/pipelines/../data/prediction_logs
2025-07-09 12:17:55,212 - INFO - CSV file successfully read into DataFrame: /Users/detraviousjamaribrinkley/Documents/Development/research_labs/uf_ds/predictions/pipelines/../data/prediction_logs/batch_2-prediction/batch_2-from_df.csv
