2025-05-21 15:39:49,320 - INFO - Logging configured to save to: /Users/detraviousjamaribrinkley/Documents/Development/research_labs/uf_ds/predictions/data/observation_logs
2025-05-21 15:39:49,322 - INFO - DataFrame successfully written to CSV: /Users/detraviousjamaribrinkley/Documents/Development/research_labs/uf_ds/predictions/data/observation_logs/batch_1-observation/batch_1-from_df.csv
2025-05-21 15:39:49,323 - INFO - CSV content successfully written to log file: /Users/detraviousjamaribrinkley/Documents/Development/research_labs/uf_ds/predictions/data/observation_logs/batch_1-observation/batch_1-from_csv.log
2025-06-02 10:59:24,535 - INFO - Logging configured to save to: /Users/detraviousjamaribrinkley/Documents/Development/research_labs/uf_ds/predictions/misc_experiments/../data/observation_logs
2025-06-02 10:59:24,536 - INFO - CSV file successfully read into DataFrame: /Users/detraviousjamaribrinkley/Documents/Development/research_labs/uf_ds/predictions/misc_experiments/../data/observation_logs/batch_1-observation/batch_1-from_df.csv
2025-06-02 11:00:32,216 - INFO - Logging configured to save to: /Users/detraviousjamaribrinkley/Documents/Development/research_labs/uf_ds/predictions/misc_experiments/../data/observation_logs
2025-06-02 11:00:32,217 - INFO - CSV file successfully read into DataFrame: /Users/detraviousjamaribrinkley/Documents/Development/research_labs/uf_ds/predictions/misc_experiments/../data/observation_logs/batch_1-observation/batch_1-from_df.csv
2025-06-02 11:15:03,540 - INFO - Logging configured to save to: /Users/detraviousjamaribrinkley/Documents/Development/research_labs/uf_ds/predictions/misc_experiments/../data/observation_logs
2025-06-02 11:15:03,541 - INFO - CSV file successfully read into DataFrame: /Users/detraviousjamaribrinkley/Documents/Development/research_labs/uf_ds/predictions/misc_experiments/../data/observation_logs/batch_1-observation/batch_1-from_df.csv
2025-06-02 12:15:20,137 - INFO - Logging configured to save to: /Users/detraviousjamaribrinkley/Documents/Development/research_labs/uf_ds/predictions/misc_experiments/../data/observation_logs
2025-06-02 12:15:20,138 - INFO - CSV file successfully read into DataFrame: /Users/detraviousjamaribrinkley/Documents/Development/research_labs/uf_ds/predictions/misc_experiments/../data/observation_logs/batch_1-observation/batch_1-from_df.csv
2025-06-12 08:31:56,973 - INFO - Logging configured to save to: /Users/detraviousjamaribrinkley/Documents/Development/research_labs/uf_ds/predictions/misc_experiments/../data/observation_logs
2025-06-12 08:31:56,975 - INFO - CSV file successfully read into DataFrame: /Users/detraviousjamaribrinkley/Documents/Development/research_labs/uf_ds/predictions/misc_experiments/../data/observation_logs/batch_1-observation/batch_1-from_df.csv
2025-06-12 09:27:29,525 - INFO - Logging configured to save to: /Users/detraviousjamaribrinkley/Documents/Development/research_labs/uf_ds/predictions/misc_experiments/../data/observation_logs
2025-06-12 09:27:29,528 - INFO - CSV file successfully read into DataFrame: /Users/detraviousjamaribrinkley/Documents/Development/research_labs/uf_ds/predictions/misc_experiments/../data/observation_logs/batch_1-observation/batch_1-from_df.csv
2025-06-12 09:30:36,600 - INFO - Logging configured to save to: /Users/detraviousjamaribrinkley/Documents/Development/research_labs/uf_ds/predictions/misc_experiments/../data/observation_logs
2025-06-12 09:30:36,601 - INFO - CSV file successfully read into DataFrame: /Users/detraviousjamaribrinkley/Documents/Development/research_labs/uf_ds/predictions/misc_experiments/../data/observation_logs/batch_1-observation/batch_1-from_df.csv
2025-06-12 09:35:22,703 - INFO - Logging configured to save to: /Users/detraviousjamaribrinkley/Documents/Development/research_labs/uf_ds/predictions/misc_experiments/../data/observation_logs
2025-06-12 09:35:22,704 - INFO - CSV file successfully read into DataFrame: /Users/detraviousjamaribrinkley/Documents/Development/research_labs/uf_ds/predictions/misc_experiments/../data/observation_logs/batch_1-observation/batch_1-from_df.csv
2025-06-12 09:40:22,068 - INFO - Logging configured to save to: /Users/detraviousjamaribrinkley/Documents/Development/research_labs/uf_ds/predictions/misc_experiments/../data/observation_logs
2025-06-12 09:40:22,069 - INFO - CSV file successfully read into DataFrame: /Users/detraviousjamaribrinkley/Documents/Development/research_labs/uf_ds/predictions/misc_experiments/../data/observation_logs/batch_1-observation/batch_1-from_df.csv
2025-06-12 09:40:44,601 - INFO - Logging configured to save to: /Users/detraviousjamaribrinkley/Documents/Development/research_labs/uf_ds/predictions/misc_experiments/../data/observation_logs
2025-06-12 09:40:44,602 - INFO - CSV file successfully read into DataFrame: /Users/detraviousjamaribrinkley/Documents/Development/research_labs/uf_ds/predictions/misc_experiments/../data/observation_logs/batch_1-observation/batch_1-from_df.csv
2025-06-12 09:41:31,806 - INFO - Logging configured to save to: /Users/detraviousjamaribrinkley/Documents/Development/research_labs/uf_ds/predictions/misc_experiments/../data/observation_logs
2025-06-12 09:41:31,807 - INFO - CSV file successfully read into DataFrame: /Users/detraviousjamaribrinkley/Documents/Development/research_labs/uf_ds/predictions/misc_experiments/../data/observation_logs/batch_1-observation/batch_1-from_df.csv
2025-06-12 09:51:33,434 - INFO - Logging configured to save to: /Users/detraviousjamaribrinkley/Documents/Development/research_labs/uf_ds/predictions/misc_experiments/../data/observation_logs
2025-06-12 09:51:33,435 - INFO - CSV file successfully read into DataFrame: /Users/detraviousjamaribrinkley/Documents/Development/research_labs/uf_ds/predictions/misc_experiments/../data/observation_logs/batch_1-observation/batch_1-from_df.csv
2025-06-12 11:50:39,625 - INFO - Logging configured to save to: /Users/detraviousjamaribrinkley/Documents/Development/research_labs/uf_ds/predictions/misc_experiments/../data/observation_logs
2025-06-12 11:50:39,626 - INFO - CSV file successfully read into DataFrame: /Users/detraviousjamaribrinkley/Documents/Development/research_labs/uf_ds/predictions/misc_experiments/../data/observation_logs/batch_1-observation/batch_1-from_df.csv
2025-06-13 11:48:51,790 - INFO - Logging configured to save to: /Users/detraviousjamaribrinkley/Documents/Development/research_labs/uf_ds/predictions/misc_experiments/../data/observation_logs
2025-06-13 11:48:51,792 - INFO - CSV file successfully read into DataFrame: /Users/detraviousjamaribrinkley/Documents/Development/research_labs/uf_ds/predictions/misc_experiments/../data/observation_logs/batch_1-observation/batch_1-from_df.csv
2025-06-13 11:49:38,340 - INFO - Logging configured to save to: /Users/detraviousjamaribrinkley/Documents/Development/research_labs/uf_ds/predictions/misc_experiments/../data/observation_logs
2025-06-13 11:49:38,341 - INFO - CSV file successfully read into DataFrame: /Users/detraviousjamaribrinkley/Documents/Development/research_labs/uf_ds/predictions/misc_experiments/../data/observation_logs/batch_1-observation/batch_1-from_df.csv
2025-06-13 11:50:00,956 - INFO - Logging configured to save to: /Users/detraviousjamaribrinkley/Documents/Development/research_labs/uf_ds/predictions/misc_experiments/../data/observation_logs
2025-06-13 11:50:00,957 - INFO - CSV file successfully read into DataFrame: /Users/detraviousjamaribrinkley/Documents/Development/research_labs/uf_ds/predictions/misc_experiments/../data/observation_logs/batch_1-observation/batch_1-from_df.csv
2025-06-13 11:51:14,780 - INFO - Logging configured to save to: /Users/detraviousjamaribrinkley/Documents/Development/research_labs/uf_ds/predictions/misc_experiments/../data/observation_logs
2025-06-13 11:51:14,782 - INFO - CSV file successfully read into DataFrame: /Users/detraviousjamaribrinkley/Documents/Development/research_labs/uf_ds/predictions/misc_experiments/../data/observation_logs/batch_1-observation/batch_1-from_df.csv
2025-06-13 11:51:28,263 - INFO - Logging configured to save to: /Users/detraviousjamaribrinkley/Documents/Development/research_labs/uf_ds/predictions/misc_experiments/../data/observation_logs
2025-06-13 11:51:28,264 - INFO - CSV file successfully read into DataFrame: /Users/detraviousjamaribrinkley/Documents/Development/research_labs/uf_ds/predictions/misc_experiments/../data/observation_logs/batch_1-observation/batch_1-from_df.csv
2025-06-13 11:52:12,535 - INFO - Logging configured to save to: /Users/detraviousjamaribrinkley/Documents/Development/research_labs/uf_ds/predictions/misc_experiments/../data/observation_logs
2025-06-13 11:52:12,536 - INFO - CSV file successfully read into DataFrame: /Users/detraviousjamaribrinkley/Documents/Development/research_labs/uf_ds/predictions/misc_experiments/../data/observation_logs/batch_1-observation/batch_1-from_df.csv
2025-06-13 12:45:04,700 - INFO - Logging configured to save to: /Users/detraviousjamaribrinkley/Documents/Development/research_labs/uf_ds/predictions/misc_experiments/../data/observation_logs
2025-06-13 12:45:04,701 - INFO - CSV file successfully read into DataFrame: /Users/detraviousjamaribrinkley/Documents/Development/research_labs/uf_ds/predictions/misc_experiments/../data/observation_logs/batch_1-observation/batch_1-from_df.csv
2025-06-13 12:45:53,074 - INFO - Logging configured to save to: /Users/detraviousjamaribrinkley/Documents/Development/research_labs/uf_ds/predictions/misc_experiments/../data/observation_logs
2025-06-13 12:45:53,076 - INFO - CSV file successfully read into DataFrame: /Users/detraviousjamaribrinkley/Documents/Development/research_labs/uf_ds/predictions/misc_experiments/../data/observation_logs/batch_1-observation/batch_1-from_df.csv
2025-06-13 12:48:57,214 - INFO - Logging configured to save to: /Users/detraviousjamaribrinkley/Documents/Development/research_labs/uf_ds/predictions/misc_experiments/../data/observation_logs
2025-06-13 12:48:57,215 - INFO - CSV file successfully read into DataFrame: /Users/detraviousjamaribrinkley/Documents/Development/research_labs/uf_ds/predictions/misc_experiments/../data/observation_logs/batch_1-observation/batch_1-from_df.csv
2025-06-13 12:54:43,261 - INFO - Logging configured to save to: /Users/detraviousjamaribrinkley/Documents/Development/research_labs/uf_ds/predictions/misc_experiments/../data/observation_logs
2025-06-13 12:54:43,263 - INFO - CSV file successfully read into DataFrame: /Users/detraviousjamaribrinkley/Documents/Development/research_labs/uf_ds/predictions/misc_experiments/../data/observation_logs/batch_1-observation/batch_1-from_df.csv
2025-06-13 12:55:04,689 - INFO - Logging configured to save to: /Users/detraviousjamaribrinkley/Documents/Development/research_labs/uf_ds/predictions/misc_experiments/../data/observation_logs
2025-06-13 12:55:04,690 - INFO - CSV file successfully read into DataFrame: /Users/detraviousjamaribrinkley/Documents/Development/research_labs/uf_ds/predictions/misc_experiments/../data/observation_logs/batch_1-observation/batch_1-from_df.csv
2025-06-13 12:55:25,094 - INFO - Logging configured to save to: /Users/detraviousjamaribrinkley/Documents/Development/research_labs/uf_ds/predictions/misc_experiments/../data/observation_logs
2025-06-13 12:55:25,095 - INFO - CSV file successfully read into DataFrame: /Users/detraviousjamaribrinkley/Documents/Development/research_labs/uf_ds/predictions/misc_experiments/../data/observation_logs/batch_1-observation/batch_1-from_df.csv
2025-06-13 12:58:31,627 - INFO - Logging configured to save to: /Users/detraviousjamaribrinkley/Documents/Development/research_labs/uf_ds/predictions/misc_experiments/../data/observation_logs
2025-06-13 12:58:31,628 - INFO - CSV file successfully read into DataFrame: /Users/detraviousjamaribrinkley/Documents/Development/research_labs/uf_ds/predictions/misc_experiments/../data/observation_logs/batch_1-observation/batch_1-from_df.csv
2025-06-16 09:42:24,701 - INFO - Logging configured to save to: /Users/detraviousjamaribrinkley/Documents/Development/research_labs/uf_ds/predictions/misc_experiments/../data/observation_logs
2025-06-16 09:42:24,702 - INFO - CSV file successfully read into DataFrame: /Users/detraviousjamaribrinkley/Documents/Development/research_labs/uf_ds/predictions/misc_experiments/../data/observation_logs/batch_1-observation/batch_1-from_df.csv
2025-06-16 10:12:58,254 - INFO - Logging configured to save to: /Users/detraviousjamaribrinkley/Documents/Development/research_labs/uf_ds/predictions/misc_experiments/../data/observation_logs
2025-06-16 10:12:58,255 - INFO - CSV file successfully read into DataFrame: /Users/detraviousjamaribrinkley/Documents/Development/research_labs/uf_ds/predictions/misc_experiments/../data/observation_logs/batch_1-observation/batch_1-from_df.csv
2025-06-17 12:54:44,128 - INFO - Logging configured to save to: /Users/detraviousjamaribrinkley/Documents/Development/research_labs/uf_ds/predictions/pipelines/../data/observation_logs
2025-06-17 12:54:44,129 - INFO - CSV file successfully read into DataFrame: /Users/detraviousjamaribrinkley/Documents/Development/research_labs/uf_ds/predictions/pipelines/../data/observation_logs/batch_1-observation/batch_1-from_df.csv
2025-07-03 15:58:33,376 - INFO - Logging configured to save to: /Users/detraviousjamaribrinkley/Documents/Development/research_labs/uf_ds/predictions/misc_experiments/../data/observation_logs
2025-07-03 15:58:33,378 - INFO - CSV file successfully read into DataFrame: /Users/detraviousjamaribrinkley/Documents/Development/research_labs/uf_ds/predictions/misc_experiments/../data/observation_logs/batch_1-observation/batch_1-from_df.csv
2025-07-03 16:06:40,343 - INFO - Logging configured to save to: /Users/detraviousjamaribrinkley/Documents/Development/research_labs/uf_ds/predictions/misc_experiments/../data/observation_logs
2025-07-03 16:06:40,344 - INFO - CSV file successfully read into DataFrame: /Users/detraviousjamaribrinkley/Documents/Development/research_labs/uf_ds/predictions/misc_experiments/../data/observation_logs/batch_1-observation/batch_1-from_df.csv
2025-07-07 23:28:18,899 - INFO - Logging configured to save to: /Users/detraviousjamaribrinkley/Documents/Development/research_labs/uf_ds/predictions/prediction_correctness_experiments/../data/observation_logs
2025-07-07 23:28:18,902 - INFO - CSV file successfully read into DataFrame: /Users/detraviousjamaribrinkley/Documents/Development/research_labs/uf_ds/predictions/prediction_correctness_experiments/../data/observation_logs/batch_1-observation/batch_1-from_df.csv
2025-07-07 23:33:48,448 - INFO - Logging configured to save to: /Users/detraviousjamaribrinkley/Documents/Development/research_labs/uf_ds/predictions/prediction_correctness_experiments/../data/observation_logs
2025-07-07 23:33:48,449 - INFO - CSV file successfully read into DataFrame: /Users/detraviousjamaribrinkley/Documents/Development/research_labs/uf_ds/predictions/prediction_correctness_experiments/../data/observation_logs/batch_1-observation/batch_1-from_df.csv
2025-07-07 23:42:41,018 - INFO - Logging configured to save to: /Users/detraviousjamaribrinkley/Documents/Development/research_labs/uf_ds/predictions/prediction_correctness_experiments/../data/observation_logs
2025-07-07 23:42:41,019 - INFO - CSV file successfully read into DataFrame: /Users/detraviousjamaribrinkley/Documents/Development/research_labs/uf_ds/predictions/prediction_correctness_experiments/../data/observation_logs/batch_1-observation/batch_1-from_df.csv
2025-07-08 12:54:19,960 - INFO - Logging configured to save to: /Users/detraviousjamaribrinkley/Documents/Development/research_labs/uf_ds/predictions/prediction_correctness_experiments/../data/observation_logs
2025-07-08 12:54:19,961 - INFO - CSV file successfully read into DataFrame: /Users/detraviousjamaribrinkley/Documents/Development/research_labs/uf_ds/predictions/prediction_correctness_experiments/../data/observation_logs/batch_1-observation/batch_1-from_df.csv
2025-07-08 12:57:57,863 - INFO - Logging configured to save to: /Users/detraviousjamaribrinkley/Documents/Development/research_labs/uf_ds/predictions/prediction_correctness_experiments/../data/observation_logs
2025-07-08 12:57:57,864 - INFO - CSV file successfully read into DataFrame: /Users/detraviousjamaribrinkley/Documents/Development/research_labs/uf_ds/predictions/prediction_correctness_experiments/../data/observation_logs/batch_1-observation/batch_1-from_df.csv
2025-07-08 12:58:23,936 - INFO - Logging configured to save to: /Users/detraviousjamaribrinkley/Documents/Development/research_labs/uf_ds/predictions/prediction_correctness_experiments/../data/observation_logs
2025-07-08 12:58:23,937 - INFO - CSV file successfully read into DataFrame: /Users/detraviousjamaribrinkley/Documents/Development/research_labs/uf_ds/predictions/prediction_correctness_experiments/../data/observation_logs/batch_1-observation/batch_1-from_df.csv
2025-07-08 13:08:12,919 - INFO - Logging configured to save to: /Users/detraviousjamaribrinkley/Documents/Development/research_labs/uf_ds/predictions/prediction_correctness_experiments/../data/observation_logs
2025-07-08 13:08:12,919 - INFO - CSV file successfully read into DataFrame: /Users/detraviousjamaribrinkley/Documents/Development/research_labs/uf_ds/predictions/prediction_correctness_experiments/../data/observation_logs/batch_1-observation/batch_1-from_df.csv
2025-07-09 11:16:07,624 - INFO - Logging configured to save to: /Users/detraviousjamaribrinkley/Documents/Development/research_labs/uf_ds/predictions/prediction_correctness_experiments/../data/observation_logs
2025-07-09 11:16:07,625 - INFO - CSV file successfully read into DataFrame: /Users/detraviousjamaribrinkley/Documents/Development/research_labs/uf_ds/predictions/prediction_correctness_experiments/../data/observation_logs/batch_1-observation/batch_1-from_df.csv
2025-07-09 12:17:15,412 - INFO - Logging configured to save to: /Users/detraviousjamaribrinkley/Documents/Development/research_labs/uf_ds/predictions/pipelines/../data/observation_logs
2025-07-09 12:17:15,414 - INFO - CSV file successfully read into DataFrame: /Users/detraviousjamaribrinkley/Documents/Development/research_labs/uf_ds/predictions/pipelines/../data/observation_logs/batch_1-observation/batch_1-from_df.csv
2025-07-09 12:17:55,222 - INFO - Logging configured to save to: /Users/detraviousjamaribrinkley/Documents/Development/research_labs/uf_ds/predictions/pipelines/../data/observation_logs
2025-07-09 12:17:55,223 - INFO - CSV file successfully read into DataFrame: /Users/detraviousjamaribrinkley/Documents/Development/research_labs/uf_ds/predictions/pipelines/../data/observation_logs/batch_1-observation/batch_1-from_df.csv
2025-07-09 12:58:56,079 - INFO - Logging configured to save to: /Users/detraviousjamaribrinkley/Documents/Development/research_labs/uf_ds/scratch-predictions/predictions/pipelines/../../data/observation_logs
2025-07-09 12:58:56,082 - INFO - CSV file successfully read into DataFrame: /Users/detraviousjamaribrinkley/Documents/Development/research_labs/uf_ds/scratch-predictions/predictions/pipelines/../../data/observation_logs/batch_1-observation/batch_1-from_df.csv
2025-07-09 12:59:45,344 - INFO - Logging configured to save to: /Users/detraviousjamaribrinkley/Documents/Development/research_labs/uf_ds/scratch-predictions/predictions/pipelines/../../data/observation_logs
2025-07-09 12:59:45,345 - INFO - CSV file successfully read into DataFrame: /Users/detraviousjamaribrinkley/Documents/Development/research_labs/uf_ds/scratch-predictions/predictions/pipelines/../../data/observation_logs/batch_1-observation/batch_1-from_df.csv
