2025-05-21 15:39:04,645 - INFO - Logging configured to save to: /Users/detraviousjamaribrinkley/Documents/Development/research_labs/uf_ds/predictions/data/prediction_logs
2025-05-21 15:39:04,648 - INFO - DataFrame successfully written to CSV: /Users/detraviousjamaribrinkley/Documents/Development/research_labs/uf_ds/predictions/data/prediction_logs/batch_3-prediction/batch_3-from_df.csv
2025-05-21 15:39:04,649 - INFO - CSV content successfully written to log file: /Users/detraviousjamaribrinkley/Documents/Development/research_labs/uf_ds/predictions/data/prediction_logs/batch_3-prediction/batch_3-from_csv.log
2025-05-27 20:25:29,990 - INFO - Logging configured to save to: /Users/detraviousjamaribrinkley/Documents/Development/research_labs/uf_ds/predictions/pipelines/../data/prediction_logs
2025-05-27 20:25:29,991 - INFO - CSV file successfully read into DataFrame: /Users/detraviousjamaribrinkley/Documents/Development/research_labs/uf_ds/predictions/pipelines/../data/prediction_logs/batch_3-prediction/batch_3-from_df.csv
2025-06-01 12:24:57,099 - INFO - Logging configured to save to: /Users/detraviousjamaribrinkley/Documents/Development/research_labs/uf_ds/predictions/misc_experiments/../data/prediction_logs
2025-06-01 12:24:57,100 - INFO - CSV file successfully read into DataFrame: /Users/detraviousjamaribrinkley/Documents/Development/research_labs/uf_ds/predictions/misc_experiments/../data/prediction_logs/batch_3-prediction/batch_3-from_df.csv
2025-06-17 12:54:44,122 - INFO - Logging configured to save to: /Users/detraviousjamaribrinkley/Documents/Development/research_labs/uf_ds/predictions/pipelines/../data/prediction_logs
2025-06-17 12:54:44,123 - INFO - CSV file successfully read into DataFrame: /Users/detraviousjamaribrinkley/Documents/Development/research_labs/uf_ds/predictions/pipelines/../data/prediction_logs/batch_3-prediction/batch_3-from_df.csv
2025-07-02 17:13:35,337 - INFO - Logging configured to save to: /Users/detraviousjamaribrinkley/Documents/Development/research_labs/uf_ds/predictions/misc_experiments/../data/prediction_logs
2025-07-02 17:13:35,339 - INFO - CSV file successfully read into DataFrame: /Users/detraviousjamaribrinkley/Documents/Development/research_labs/uf_ds/predictions/misc_experiments/../data/prediction_logs/batch_3-prediction/batch_3-from_df.csv
2025-07-02 17:14:09,223 - INFO - Logging configured to save to: /Users/detraviousjamaribrinkley/Documents/Development/research_labs/uf_ds/predictions/misc_experiments/../data/prediction_logs
2025-07-02 17:14:09,225 - INFO - CSV file successfully read into DataFrame: /Users/detraviousjamaribrinkley/Documents/Development/research_labs/uf_ds/predictions/misc_experiments/../data/prediction_logs/batch_3-prediction/batch_3-from_df.csv
2025-07-02 17:17:49,405 - INFO - Logging configured to save to: /Users/detraviousjamaribrinkley/Documents/Development/research_labs/uf_ds/predictions/misc_experiments/../data/prediction_logs
2025-07-02 17:17:49,408 - INFO - CSV file successfully read into DataFrame: /Users/detraviousjamaribrinkley/Documents/Development/research_labs/uf_ds/predictions/misc_experiments/../data/prediction_logs/batch_3-prediction/batch_3-from_df.csv
2025-07-02 17:17:57,031 - INFO - Logging configured to save to: /Users/detraviousjamaribrinkley/Documents/Development/research_labs/uf_ds/predictions/misc_experiments/../data/prediction_logs
2025-07-02 17:17:57,032 - INFO - CSV file successfully read into DataFrame: /Users/detraviousjamaribrinkley/Documents/Development/research_labs/uf_ds/predictions/misc_experiments/../data/prediction_logs/batch_3-prediction/batch_3-from_df.csv
2025-07-02 17:18:17,556 - INFO - Logging configured to save to: /Users/detraviousjamaribrinkley/Documents/Development/research_labs/uf_ds/predictions/misc_experiments/../data/prediction_logs
2025-07-02 17:18:17,556 - INFO - CSV file successfully read into DataFrame: /Users/detraviousjamaribrinkley/Documents/Development/research_labs/uf_ds/predictions/misc_experiments/../data/prediction_logs/batch_3-prediction/batch_3-from_df.csv
2025-07-02 17:28:40,010 - INFO - Logging configured to save to: /Users/detraviousjamaribrinkley/Documents/Development/research_labs/uf_ds/predictions/misc_experiments/../data/prediction_logs
2025-07-02 17:28:40,011 - INFO - CSV file successfully read into DataFrame: /Users/detraviousjamaribrinkley/Documents/Development/research_labs/uf_ds/predictions/misc_experiments/../data/prediction_logs/batch_3-prediction/batch_3-from_df.csv
2025-07-02 17:28:42,604 - INFO - Logging configured to save to: /Users/detraviousjamaribrinkley/Documents/Development/research_labs/uf_ds/predictions/misc_experiments/../data/prediction_logs
2025-07-02 17:28:42,605 - INFO - CSV file successfully read into DataFrame: /Users/detraviousjamaribrinkley/Documents/Development/research_labs/uf_ds/predictions/misc_experiments/../data/prediction_logs/batch_3-prediction/batch_3-from_df.csv
2025-07-02 17:28:47,990 - INFO - Logging configured to save to: /Users/detraviousjamaribrinkley/Documents/Development/research_labs/uf_ds/predictions/misc_experiments/../data/prediction_logs
2025-07-02 17:28:47,991 - INFO - CSV file successfully read into DataFrame: /Users/detraviousjamaribrinkley/Documents/Development/research_labs/uf_ds/predictions/misc_experiments/../data/prediction_logs/batch_3-prediction/batch_3-from_df.csv
2025-07-02 17:33:51,128 - INFO - Logging configured to save to: /Users/detraviousjamaribrinkley/Documents/Development/research_labs/uf_ds/predictions/misc_experiments/../data/prediction_logs
2025-07-02 17:33:51,129 - INFO - CSV file successfully read into DataFrame: /Users/detraviousjamaribrinkley/Documents/Development/research_labs/uf_ds/predictions/misc_experiments/../data/prediction_logs/batch_3-prediction/batch_3-from_df.csv
2025-07-02 17:34:08,319 - INFO - Logging configured to save to: /Users/detraviousjamaribrinkley/Documents/Development/research_labs/uf_ds/predictions/misc_experiments/../data/prediction_logs
2025-07-02 17:34:08,320 - INFO - CSV file successfully read into DataFrame: /Users/detraviousjamaribrinkley/Documents/Development/research_labs/uf_ds/predictions/misc_experiments/../data/prediction_logs/batch_3-prediction/batch_3-from_df.csv
2025-07-02 17:34:46,000 - INFO - Logging configured to save to: /Users/detraviousjamaribrinkley/Documents/Development/research_labs/uf_ds/predictions/misc_experiments/../data/prediction_logs
2025-07-02 17:34:46,000 - INFO - CSV file successfully read into DataFrame: /Users/detraviousjamaribrinkley/Documents/Development/research_labs/uf_ds/predictions/misc_experiments/../data/prediction_logs/batch_3-prediction/batch_3-from_df.csv
2025-07-02 17:35:26,104 - INFO - Logging configured to save to: /Users/detraviousjamaribrinkley/Documents/Development/research_labs/uf_ds/predictions/misc_experiments/../data/prediction_logs
2025-07-02 17:35:26,105 - INFO - CSV file successfully read into DataFrame: /Users/detraviousjamaribrinkley/Documents/Development/research_labs/uf_ds/predictions/misc_experiments/../data/prediction_logs/batch_3-prediction/batch_3-from_df.csv
2025-07-02 17:40:19,450 - INFO - Logging configured to save to: /Users/detraviousjamaribrinkley/Documents/Development/research_labs/uf_ds/predictions/misc_experiments/../data/prediction_logs
2025-07-02 17:40:19,451 - INFO - CSV file successfully read into DataFrame: /Users/detraviousjamaribrinkley/Documents/Development/research_labs/uf_ds/predictions/misc_experiments/../data/prediction_logs/batch_3-prediction/batch_3-from_df.csv
2025-07-02 18:28:09,895 - INFO - Logging configured to save to: /Users/detraviousjamaribrinkley/Documents/Development/research_labs/uf_ds/predictions/misc_experiments/../data/prediction_logs
2025-07-02 18:28:09,896 - INFO - CSV file successfully read into DataFrame: /Users/detraviousjamaribrinkley/Documents/Development/research_labs/uf_ds/predictions/misc_experiments/../data/prediction_logs/batch_3-prediction/batch_3-from_df.csv
2025-07-02 18:31:25,835 - INFO - Logging configured to save to: /Users/detraviousjamaribrinkley/Documents/Development/research_labs/uf_ds/predictions/misc_experiments/../data/prediction_logs
2025-07-02 18:31:25,835 - INFO - CSV file successfully read into DataFrame: /Users/detraviousjamaribrinkley/Documents/Development/research_labs/uf_ds/predictions/misc_experiments/../data/prediction_logs/batch_3-prediction/batch_3-from_df.csv
2025-07-02 18:32:48,607 - INFO - Logging configured to save to: /Users/detraviousjamaribrinkley/Documents/Development/research_labs/uf_ds/predictions/misc_experiments/../data/prediction_logs
2025-07-02 18:32:48,608 - INFO - CSV file successfully read into DataFrame: /Users/detraviousjamaribrinkley/Documents/Development/research_labs/uf_ds/predictions/misc_experiments/../data/prediction_logs/batch_3-prediction/batch_3-from_df.csv
2025-07-02 18:35:19,478 - INFO - Logging configured to save to: /Users/detraviousjamaribrinkley/Documents/Development/research_labs/uf_ds/predictions/misc_experiments/../data/prediction_logs
2025-07-02 18:35:19,479 - INFO - CSV file successfully read into DataFrame: /Users/detraviousjamaribrinkley/Documents/Development/research_labs/uf_ds/predictions/misc_experiments/../data/prediction_logs/batch_3-prediction/batch_3-from_df.csv
2025-07-03 15:58:33,367 - INFO - Logging configured to save to: /Users/detraviousjamaribrinkley/Documents/Development/research_labs/uf_ds/predictions/misc_experiments/../data/prediction_logs
2025-07-03 15:58:33,368 - INFO - CSV file successfully read into DataFrame: /Users/detraviousjamaribrinkley/Documents/Development/research_labs/uf_ds/predictions/misc_experiments/../data/prediction_logs/batch_3-prediction/batch_3-from_df.csv
2025-07-03 16:06:40,335 - INFO - Logging configured to save to: /Users/detraviousjamaribrinkley/Documents/Development/research_labs/uf_ds/predictions/misc_experiments/../data/prediction_logs
2025-07-03 16:06:40,336 - INFO - CSV file successfully read into DataFrame: /Users/detraviousjamaribrinkley/Documents/Development/research_labs/uf_ds/predictions/misc_experiments/../data/prediction_logs/batch_3-prediction/batch_3-from_df.csv
2025-07-07 23:28:04,899 - INFO - Logging configured to save to: /Users/detraviousjamaribrinkley/Documents/Development/research_labs/uf_ds/predictions/prediction_correctness_experiments/../data/prediction_logs
2025-07-07 23:28:04,900 - INFO - CSV file successfully read into DataFrame: /Users/detraviousjamaribrinkley/Documents/Development/research_labs/uf_ds/predictions/prediction_correctness_experiments/../data/prediction_logs/batch_3-prediction/batch_3-from_df.csv
2025-07-07 23:33:48,441 - INFO - Logging configured to save to: /Users/detraviousjamaribrinkley/Documents/Development/research_labs/uf_ds/predictions/prediction_correctness_experiments/../data/prediction_logs
2025-07-07 23:33:48,442 - INFO - CSV file successfully read into DataFrame: /Users/detraviousjamaribrinkley/Documents/Development/research_labs/uf_ds/predictions/prediction_correctness_experiments/../data/prediction_logs/batch_3-prediction/batch_3-from_df.csv
2025-07-07 23:42:41,011 - INFO - Logging configured to save to: /Users/detraviousjamaribrinkley/Documents/Development/research_labs/uf_ds/predictions/prediction_correctness_experiments/../data/prediction_logs
2025-07-07 23:42:41,012 - INFO - CSV file successfully read into DataFrame: /Users/detraviousjamaribrinkley/Documents/Development/research_labs/uf_ds/predictions/prediction_correctness_experiments/../data/prediction_logs/batch_3-prediction/batch_3-from_df.csv
2025-07-08 12:54:19,950 - INFO - Logging configured to save to: /Users/detraviousjamaribrinkley/Documents/Development/research_labs/uf_ds/predictions/prediction_correctness_experiments/../data/prediction_logs
2025-07-08 12:54:19,951 - INFO - CSV file successfully read into DataFrame: /Users/detraviousjamaribrinkley/Documents/Development/research_labs/uf_ds/predictions/prediction_correctness_experiments/../data/prediction_logs/batch_3-prediction/batch_3-from_df.csv
2025-07-08 12:57:57,856 - INFO - Logging configured to save to: /Users/detraviousjamaribrinkley/Documents/Development/research_labs/uf_ds/predictions/prediction_correctness_experiments/../data/prediction_logs
2025-07-08 12:57:57,856 - INFO - CSV file successfully read into DataFrame: /Users/detraviousjamaribrinkley/Documents/Development/research_labs/uf_ds/predictions/prediction_correctness_experiments/../data/prediction_logs/batch_3-prediction/batch_3-from_df.csv
2025-07-08 12:58:23,927 - INFO - Logging configured to save to: /Users/detraviousjamaribrinkley/Documents/Development/research_labs/uf_ds/predictions/prediction_correctness_experiments/../data/prediction_logs
2025-07-08 12:58:23,927 - INFO - CSV file successfully read into DataFrame: /Users/detraviousjamaribrinkley/Documents/Development/research_labs/uf_ds/predictions/prediction_correctness_experiments/../data/prediction_logs/batch_3-prediction/batch_3-from_df.csv
2025-07-08 13:08:12,912 - INFO - Logging configured to save to: /Users/detraviousjamaribrinkley/Documents/Development/research_labs/uf_ds/predictions/prediction_correctness_experiments/../data/prediction_logs
2025-07-08 13:08:12,912 - INFO - CSV file successfully read into DataFrame: /Users/detraviousjamaribrinkley/Documents/Development/research_labs/uf_ds/predictions/prediction_correctness_experiments/../data/prediction_logs/batch_3-prediction/batch_3-from_df.csv
2025-07-09 11:16:07,615 - INFO - Logging configured to save to: /Users/detraviousjamaribrinkley/Documents/Development/research_labs/uf_ds/predictions/prediction_correctness_experiments/../data/prediction_logs
2025-07-09 11:16:07,616 - INFO - CSV file successfully read into DataFrame: /Users/detraviousjamaribrinkley/Documents/Development/research_labs/uf_ds/predictions/prediction_correctness_experiments/../data/prediction_logs/batch_3-prediction/batch_3-from_df.csv
2025-07-09 12:17:15,402 - INFO - Logging configured to save to: /Users/detraviousjamaribrinkley/Documents/Development/research_labs/uf_ds/predictions/pipelines/../data/prediction_logs
2025-07-09 12:17:15,403 - INFO - CSV file successfully read into DataFrame: /Users/detraviousjamaribrinkley/Documents/Development/research_labs/uf_ds/predictions/pipelines/../data/prediction_logs/batch_3-prediction/batch_3-from_df.csv
2025-07-09 12:17:55,213 - INFO - Logging configured to save to: /Users/detraviousjamaribrinkley/Documents/Development/research_labs/uf_ds/predictions/pipelines/../data/prediction_logs
2025-07-09 12:17:55,214 - INFO - CSV file successfully read into DataFrame: /Users/detraviousjamaribrinkley/Documents/Development/research_labs/uf_ds/predictions/pipelines/../data/prediction_logs/batch_3-prediction/batch_3-from_df.csv
