2025-06-17 11:07:13,037 - INFO - Logging configured to save to: /Users/detraviousjamaribrinkley/Documents/Development/research_labs/uf_ds/predictions/data/observation_logs
2025-06-17 11:07:13,041 - INFO - DataFrame successfully written to CSV: /Users/detraviousjamaribrinkley/Documents/Development/research_labs/uf_ds/predictions/data/observation_logs/batch_7-observation/batch_7-from_df.csv
2025-06-17 11:07:13,041 - INFO - CSV content successfully written to log file: /Users/detraviousjamaribrinkley/Documents/Development/research_labs/uf_ds/predictions/data/observation_logs/batch_7-observation/batch_7-from_csv.log
2025-06-17 12:54:44,137 - INFO - Logging configured to save to: /Users/detraviousjamaribrinkley/Documents/Development/research_labs/uf_ds/predictions/pipelines/../data/observation_logs
2025-06-17 12:54:44,138 - INFO - CSV file successfully read into DataFrame: /Users/detraviousjamaribrinkley/Documents/Development/research_labs/uf_ds/predictions/pipelines/../data/observation_logs/batch_7-observation/batch_7-from_df.csv
2025-07-03 15:58:33,386 - INFO - Logging configured to save to: /Users/detraviousjamaribrinkley/Documents/Development/research_labs/uf_ds/predictions/misc_experiments/../data/observation_logs
2025-07-03 15:58:33,387 - INFO - CSV file successfully read into DataFrame: /Users/detraviousjamaribrinkley/Documents/Development/research_labs/uf_ds/predictions/misc_experiments/../data/observation_logs/batch_7-observation/batch_7-from_df.csv
2025-07-03 16:06:40,348 - INFO - Logging configured to save to: /Users/detraviousjamaribrinkley/Documents/Development/research_labs/uf_ds/predictions/misc_experiments/../data/observation_logs
2025-07-03 16:06:40,348 - INFO - CSV file successfully read into DataFrame: /Users/detraviousjamaribrinkley/Documents/Development/research_labs/uf_ds/predictions/misc_experiments/../data/observation_logs/batch_7-observation/batch_7-from_df.csv
2025-07-07 23:28:18,915 - INFO - Logging configured to save to: /Users/detraviousjamaribrinkley/Documents/Development/research_labs/uf_ds/predictions/prediction_correctness_experiments/../data/observation_logs
2025-07-07 23:28:18,916 - INFO - CSV file successfully read into DataFrame: /Users/detraviousjamaribrinkley/Documents/Development/research_labs/uf_ds/predictions/prediction_correctness_experiments/../data/observation_logs/batch_7-observation/batch_7-from_df.csv
2025-07-07 23:33:48,453 - INFO - Logging configured to save to: /Users/detraviousjamaribrinkley/Documents/Development/research_labs/uf_ds/predictions/prediction_correctness_experiments/../data/observation_logs
2025-07-07 23:33:48,453 - INFO - CSV file successfully read into DataFrame: /Users/detraviousjamaribrinkley/Documents/Development/research_labs/uf_ds/predictions/prediction_correctness_experiments/../data/observation_logs/batch_7-observation/batch_7-from_df.csv
2025-07-07 23:42:41,022 - INFO - Logging configured to save to: /Users/detraviousjamaribrinkley/Documents/Development/research_labs/uf_ds/predictions/prediction_correctness_experiments/../data/observation_logs
2025-07-07 23:42:41,022 - INFO - CSV file successfully read into DataFrame: /Users/detraviousjamaribrinkley/Documents/Development/research_labs/uf_ds/predictions/prediction_correctness_experiments/../data/observation_logs/batch_7-observation/batch_7-from_df.csv
2025-07-08 12:54:19,967 - INFO - Logging configured to save to: /Users/detraviousjamaribrinkley/Documents/Development/research_labs/uf_ds/predictions/prediction_correctness_experiments/../data/observation_logs
2025-07-08 12:54:19,968 - INFO - CSV file successfully read into DataFrame: /Users/detraviousjamaribrinkley/Documents/Development/research_labs/uf_ds/predictions/prediction_correctness_experiments/../data/observation_logs/batch_7-observation/batch_7-from_df.csv
2025-07-08 12:57:57,867 - INFO - Logging configured to save to: /Users/detraviousjamaribrinkley/Documents/Development/research_labs/uf_ds/predictions/prediction_correctness_experiments/../data/observation_logs
2025-07-08 12:57:57,868 - INFO - CSV file successfully read into DataFrame: /Users/detraviousjamaribrinkley/Documents/Development/research_labs/uf_ds/predictions/prediction_correctness_experiments/../data/observation_logs/batch_7-observation/batch_7-from_df.csv
2025-07-08 12:58:23,941 - INFO - Logging configured to save to: /Users/detraviousjamaribrinkley/Documents/Development/research_labs/uf_ds/predictions/prediction_correctness_experiments/../data/observation_logs
2025-07-08 12:58:23,942 - INFO - CSV file successfully read into DataFrame: /Users/detraviousjamaribrinkley/Documents/Development/research_labs/uf_ds/predictions/prediction_correctness_experiments/../data/observation_logs/batch_7-observation/batch_7-from_df.csv
2025-07-08 13:08:12,922 - INFO - Logging configured to save to: /Users/detraviousjamaribrinkley/Documents/Development/research_labs/uf_ds/predictions/prediction_correctness_experiments/../data/observation_logs
2025-07-08 13:08:12,923 - INFO - CSV file successfully read into DataFrame: /Users/detraviousjamaribrinkley/Documents/Development/research_labs/uf_ds/predictions/prediction_correctness_experiments/../data/observation_logs/batch_7-observation/batch_7-from_df.csv
2025-07-09 11:16:07,632 - INFO - Logging configured to save to: /Users/detraviousjamaribrinkley/Documents/Development/research_labs/uf_ds/predictions/prediction_correctness_experiments/../data/observation_logs
2025-07-09 11:16:07,633 - INFO - CSV file successfully read into DataFrame: /Users/detraviousjamaribrinkley/Documents/Development/research_labs/uf_ds/predictions/prediction_correctness_experiments/../data/observation_logs/batch_7-observation/batch_7-from_df.csv
2025-07-09 12:17:15,421 - INFO - Logging configured to save to: /Users/detraviousjamaribrinkley/Documents/Development/research_labs/uf_ds/predictions/pipelines/../data/observation_logs
2025-07-09 12:17:15,422 - INFO - CSV file successfully read into DataFrame: /Users/detraviousjamaribrinkley/Documents/Development/research_labs/uf_ds/predictions/pipelines/../data/observation_logs/batch_7-observation/batch_7-from_df.csv
2025-07-09 12:17:55,228 - INFO - Logging configured to save to: /Users/detraviousjamaribrinkley/Documents/Development/research_labs/uf_ds/predictions/pipelines/../data/observation_logs
2025-07-09 12:17:55,229 - INFO - CSV file successfully read into DataFrame: /Users/detraviousjamaribrinkley/Documents/Development/research_labs/uf_ds/predictions/pipelines/../data/observation_logs/batch_7-observation/batch_7-from_df.csv
